[0.012s] Invoking command in '/home/shadygm/projects/Photo-SLAM-ROS/build/photo-slam-ros': CMAKE_PREFIX_PATH=${CMAKE_PREFIX_PATH}:/opt/ros/humble /usr/bin/cmake --build /home/shadygm/projects/Photo-SLAM-ROS/build/photo-slam-ros -- -j16 -l16
[0.039s] -- Found ament_cmake: 1.3.11 (/opt/ros/humble/share/ament_cmake/cmake)
[0.139s] -- Override CMake install command with custom implementation using symlinks instead of copying resources
[0.146s] -- Found rclcpp: 16.0.12 (/opt/ros/humble/share/rclcpp/cmake)
[0.170s] -- Found rosidl_generator_c: 3.1.6 (/opt/ros/humble/share/rosidl_generator_c/cmake)
[0.173s] -- Found rosidl_adapter: 3.1.6 (/opt/ros/humble/share/rosidl_adapter/cmake)
[0.178s] -- Found rosidl_generator_cpp: 3.1.6 (/opt/ros/humble/share/rosidl_generator_cpp/cmake)
[0.186s] -- Using all available rosidl_typesupport_c: rosidl_typesupport_fastrtps_c;rosidl_typesupport_introspection_c
[0.196s] -- Using all available rosidl_typesupport_cpp: rosidl_typesupport_fastrtps_cpp;rosidl_typesupport_introspection_cpp
[0.224s] -- Found rmw_implementation_cmake: 6.1.2 (/opt/ros/humble/share/rmw_implementation_cmake/cmake)
[0.225s] -- Found rmw_fastrtps_cpp: 6.2.7 (/opt/ros/humble/share/rmw_fastrtps_cpp/cmake)
[0.331s] -- Using RMW implementation 'rmw_fastrtps_cpp' as default
[0.371s] -- Found sensor_msgs: 4.8.0 (/opt/ros/humble/share/sensor_msgs/cmake)
[0.395s] -- Found cv_bridge: 3.2.1 (/opt/ros/humble/share/cv_bridge/cmake)
[0.401s] -- Found CUDA: /usr/local/cuda (found suitable exact version "11.8") 
[0.409s] -- Found tf2_ros: 0.25.12 (/opt/ros/humble/share/tf2_ros/cmake)
[0.475s] -- Found gaussian_interface: 0.0.1 (/home/shadygm/projects/Photo-SLAM-ROS/gaussian_interface/install/gaussian_interface/share/gaussian_interface/cmake)
[0.491s] -- Found CUDA: /usr/local/cuda (found version "11.8") 
[0.491s] -- Caffe2: CUDA detected: 11.8
[0.491s] -- Caffe2: CUDA nvcc is: /usr/local/cuda/bin/nvcc
[0.491s] -- Caffe2: CUDA toolkit directory: /usr/local/cuda
[0.590s] -- Caffe2: Header version is: 11.8
[0.598s] [33mCMake Warning at /libtorch/share/cmake/Caffe2/public/cuda.cmake:166 (message):
[0.599s]   Failed to compute shorthash for libnvrtc.so
[0.599s] Call Stack (most recent call first):
[0.599s]   /libtorch/share/cmake/Caffe2/Caffe2Config.cmake:88 (include)
[0.599s]   /libtorch/share/cmake/Torch/TorchConfig.cmake:68 (find_package)
[0.599s]   CMakeLists.txt:27 (find_package)
[0.599s] 
[0.599s] [0m
[1.618s] -- Autodetected CUDA architecture(s):  8.6
[1.619s] -- Added CUDA NVCC flags for: -gencode;arch=compute_86,code=sm_86
[1.673s] -- librealsense2 not found; RealSense example will be disabled.
[1.731s] -- Configuring done
[1.870s] -- Generating done
[1.895s] -- Build files have been written to: /home/shadygm/projects/Photo-SLAM-ROS/build/photo-slam-ros
[1.927s] [35m[1mConsolidate compiler generated dependencies of target imgui[0m
[1.930s] [35m[1mConsolidate compiler generated dependencies of target simple_knn[0m
[1.936s] [35m[1mConsolidate compiler generated dependencies of target cuda_rasterizer[0m
[1.946s] [ 17%] Built target imgui
[2.018s] [ 23%] Built target simple_knn
[2.052s] [ 39%] Built target cuda_rasterizer
[2.087s] [35m[1mConsolidate compiler generated dependencies of target gaussian_mapper[0m
[2.244s] [ 41%] [32mBuilding CXX object CMakeFiles/gaussian_mapper.dir/third_party/tinyply/tinyply.cpp.o[0m
[2.268s] [ 43%] [32mBuilding CXX object CMakeFiles/gaussian_mapper.dir/src/gaussian_keyframe.cpp.o[0m
[2.271s] [ 47%] [32mBuilding CXX object CMakeFiles/gaussian_mapper.dir/src/gaussian_model.cpp.o[0m
[2.271s] [ 47%] [32mBuilding CXX object CMakeFiles/gaussian_mapper.dir/src/gaussian_parameters.cpp.o[0m
[2.274s] [ 50%] [32mBuilding CXX object CMakeFiles/gaussian_mapper.dir/src/gaussian_rasterizer.cpp.o[0m
[2.278s] [ 52%] [32mBuilding CXX object CMakeFiles/gaussian_mapper.dir/src/gaussian_renderer.cpp.o[0m
[2.281s] [ 54%] [32mBuilding CXX object CMakeFiles/gaussian_mapper.dir/src/gaussian_scene.cpp.o[0m
[2.290s] [ 56%] [32mBuilding CXX object CMakeFiles/gaussian_mapper.dir/src/gaussian_trainer.cpp.o[0m
[2.293s] [ 60%] [32mBuilding CXX object CMakeFiles/gaussian_mapper.dir/src/gaussian_mapper.cpp.o[0m
[2.294s] [ 60%] [32mBuilding CXX object CMakeFiles/gaussian_mapper.dir/src/gaussian_ros_publisher.cpp.o[0m
[32.405s] [ 63%] [32m[1mLinking CXX shared library ../../lib/libgaussian_mapper.so[0m
[34.538s] [ 63%] Built target gaussian_mapper
[34.560s] [ 67%] [32mBuilding CXX object CMakeFiles/gaussian_viewer.dir/viewer/map_drawer.cpp.o[0m
[34.560s] [ 67%] [32mBuilding CXX object CMakeFiles/gaussian_viewer.dir/viewer/imgui_viewer.cpp.o[0m
[55.773s] [ 69%] [32m[1mLinking CXX shared library ../../lib/libgaussian_viewer.so[0m
[58.051s] [ 69%] Built target gaussian_viewer
[58.073s] [ 78%] [32mBuilding CXX object CMakeFiles/replica_mono.dir/examples/replica_mono.cpp.o[0m
[58.073s] [ 78%] [32mBuilding CXX object CMakeFiles/euroc_stereo.dir/examples/euroc_stereo.cpp.o[0m
[58.073s] [ 78%] [32mBuilding CXX object CMakeFiles/replica_rgbd.dir/examples/replica_rgbd.cpp.o[0m
[58.073s] [ 78%] [32mBuilding CXX object CMakeFiles/view_result.dir/examples/view_result.cpp.o[0m
[58.073s] [ 82%] [32mBuilding CXX object CMakeFiles/tum_rgbd.dir/examples/tum_rgbd.cpp.o[0m
[58.073s] [ 82%] [32mBuilding CXX object CMakeFiles/train_colmap.dir/examples/train_colmap.cpp.o[0m
[58.073s] [ 84%] [32mBuilding CXX object CMakeFiles/tum_mono.dir/examples/tum_mono.cpp.o[0m
[84.183s] [ 86%] [32m[1mLinking CXX executable ../../bin/view_result[0m
[84.636s] [ 89%] [32m[1mLinking CXX executable ../../bin/tum_mono[0m
[84.991s] [ 91%] [32m[1mLinking CXX executable ../../bin/tum_rgbd[0m
[85.034s] [ 93%] [32m[1mLinking CXX executable ../../bin/replica_mono[0m
[85.065s] [ 95%] [32m[1mLinking CXX executable ../../bin/euroc_stereo[0m
[85.253s] [ 97%] [32m[1mLinking CXX executable ../../bin/replica_rgbd[0m
[85.440s] [100%] [32m[1mLinking CXX executable ../../bin/train_colmap[0m
[85.463s] [100%] Built target view_result
[86.208s] [100%] Built target tum_mono
[86.518s] [100%] Built target tum_rgbd
[86.538s] [100%] Built target replica_mono
[86.571s] [100%] Built target euroc_stereo
[86.773s] [100%] Built target train_colmap
[88.633s] [100%] Built target replica_rgbd
[88.646s] Invoked command in '/home/shadygm/projects/Photo-SLAM-ROS/build/photo-slam-ros' returned '0': CMAKE_PREFIX_PATH=${CMAKE_PREFIX_PATH}:/opt/ros/humble /usr/bin/cmake --build /home/shadygm/projects/Photo-SLAM-ROS/build/photo-slam-ros -- -j16 -l16
[88.657s] Invoking command in '/home/shadygm/projects/Photo-SLAM-ROS/build/photo-slam-ros': CMAKE_PREFIX_PATH=${CMAKE_PREFIX_PATH}:/opt/ros/humble /usr/bin/cmake --install /home/shadygm/projects/Photo-SLAM-ROS/build/photo-slam-ros
[88.665s] -- Install configuration: "Release"
[88.665s] -- Execute custom install script
[88.665s] -- Symlinking: /home/shadygm/projects/Photo-SLAM-ROS/install/photo-slam-ros/lib/photo-slam-ros/train_colmap
[88.675s] -- Symlinking: /home/shadygm/projects/Photo-SLAM-ROS/install/photo-slam-ros/lib/photo-slam-ros/view_result
[88.685s] -- Symlinking: /home/shadygm/projects/Photo-SLAM-ROS/install/photo-slam-ros/lib/photo-slam-ros/replica_mono
[88.694s] -- Symlinking: /home/shadygm/projects/Photo-SLAM-ROS/install/photo-slam-ros/lib/photo-slam-ros/replica_rgbd
[88.704s] -- Symlinking: /home/shadygm/projects/Photo-SLAM-ROS/install/photo-slam-ros/lib/photo-slam-ros/tum_mono
[88.714s] -- Symlinking: /home/shadygm/projects/Photo-SLAM-ROS/install/photo-slam-ros/lib/photo-slam-ros/tum_rgbd
[88.723s] -- Symlinking: /home/shadygm/projects/Photo-SLAM-ROS/install/photo-slam-ros/lib/photo-slam-ros/euroc_stereo
[88.733s] -- Symlinking: /home/shadygm/projects/Photo-SLAM-ROS/install/photo-slam-ros/share/ament_index/resource_index/package_run_dependencies/photo-slam-ros
[88.742s] -- Symlinking: /home/shadygm/projects/Photo-SLAM-ROS/install/photo-slam-ros/share/ament_index/resource_index/parent_prefix_path/photo-slam-ros
[88.752s] -- Symlinking: /home/shadygm/projects/Photo-SLAM-ROS/install/photo-slam-ros/share/photo-slam-ros/environment/ament_prefix_path.sh
[88.761s] -- Symlinking: /home/shadygm/projects/Photo-SLAM-ROS/install/photo-slam-ros/share/photo-slam-ros/environment/ament_prefix_path.dsv
[88.770s] -- Symlinking: /home/shadygm/projects/Photo-SLAM-ROS/install/photo-slam-ros/share/photo-slam-ros/environment/path.sh
[88.781s] -- Symlinking: /home/shadygm/projects/Photo-SLAM-ROS/install/photo-slam-ros/share/photo-slam-ros/environment/path.dsv
[88.790s] -- Symlinking: /home/shadygm/projects/Photo-SLAM-ROS/install/photo-slam-ros/share/photo-slam-ros/local_setup.bash
[88.800s] -- Symlinking: /home/shadygm/projects/Photo-SLAM-ROS/install/photo-slam-ros/share/photo-slam-ros/local_setup.sh
[88.810s] -- Symlinking: /home/shadygm/projects/Photo-SLAM-ROS/install/photo-slam-ros/share/photo-slam-ros/local_setup.zsh
[88.819s] -- Symlinking: /home/shadygm/projects/Photo-SLAM-ROS/install/photo-slam-ros/share/photo-slam-ros/local_setup.dsv
[88.828s] -- Symlinking: /home/shadygm/projects/Photo-SLAM-ROS/install/photo-slam-ros/share/photo-slam-ros/package.dsv
[88.838s] -- Symlinking: /home/shadygm/projects/Photo-SLAM-ROS/install/photo-slam-ros/share/ament_index/resource_index/packages/photo-slam-ros
[88.848s] -- Symlinking: /home/shadygm/projects/Photo-SLAM-ROS/install/photo-slam-ros/share/photo-slam-ros/cmake/photo-slam-rosConfig.cmake
[88.858s] -- Symlinking: /home/shadygm/projects/Photo-SLAM-ROS/install/photo-slam-ros/share/photo-slam-ros/cmake/photo-slam-rosConfig-version.cmake
[88.867s] -- Symlinking: /home/shadygm/projects/Photo-SLAM-ROS/install/photo-slam-ros/share/photo-slam-ros/package.xml
[88.878s] Invoked command in '/home/shadygm/projects/Photo-SLAM-ROS/build/photo-slam-ros' returned '0': CMAKE_PREFIX_PATH=${CMAKE_PREFIX_PATH}:/opt/ros/humble /usr/bin/cmake --install /home/shadygm/projects/Photo-SLAM-ROS/build/photo-slam-ros
