[0.012s] Invoking command in '/home/shadygm/projects/Photo-SLAM-ROS/build/photo-slam-ros': CMAKE_PREFIX_PATH=${CMAKE_PREFIX_PATH}:/opt/ros/humble /usr/bin/cmake /home/shadygm/projects/Photo-SLAM-ROS -DCMAKE_BUILD_TYPE=Release -DAMENT_CMAKE_SYMLINK_INSTALL=1 -DCMAKE_INSTALL_PREFIX=/home/shadygm/projects/Photo-SLAM-ROS/install/photo-slam-ros
[0.072s] -- The CXX compiler identification is GNU 11.4.0
[0.938s] -- The CUDA compiler identification is NVIDIA 11.8.89
[0.943s] -- Detecting CXX compiler ABI info
[1.024s] -- Detecting CXX compiler ABI info - done
[1.030s] -- Check for working CXX compiler: /usr/bin/c++ - skipped
[1.030s] -- Detecting CXX compile features
[1.030s] -- Detecting CXX compile features - done
[1.033s] -- Detecting CUDA compiler ABI info
[1.854s] -- Detecting CUDA compiler ABI info - done
[1.873s] -- Check for working CUDA compiler: /usr/local/cuda/bin/nvcc - skipped
[1.873s] -- Detecting CUDA compile features
[1.873s] -- Detecting CUDA compile features - done
[1.876s] -- Found ament_cmake: 1.3.11 (/opt/ros/humble/share/ament_cmake/cmake)
[2.006s] -- Found Python3: /usr/bin/python3 (found version "3.10.12") found components: Interpreter 
[2.060s] -- Override CMake install command with custom implementation using symlinks instead of copying resources
[2.084s] -- Found rclcpp: 16.0.12 (/opt/ros/humble/share/rclcpp/cmake)
[2.120s] -- Found rosidl_generator_c: 3.1.6 (/opt/ros/humble/share/rosidl_generator_c/cmake)
[2.124s] -- Found rosidl_adapter: 3.1.6 (/opt/ros/humble/share/rosidl_adapter/cmake)
[2.131s] -- Found rosidl_generator_cpp: 3.1.6 (/opt/ros/humble/share/rosidl_generator_cpp/cmake)
[2.142s] -- Using all available rosidl_typesupport_c: rosidl_typesupport_fastrtps_c;rosidl_typesupport_introspection_c
[2.156s] -- Using all available rosidl_typesupport_cpp: rosidl_typesupport_fastrtps_cpp;rosidl_typesupport_introspection_cpp
[2.194s] -- Found rmw_implementation_cmake: 6.1.2 (/opt/ros/humble/share/rmw_implementation_cmake/cmake)
[2.197s] -- Found rmw_fastrtps_cpp: 6.2.7 (/opt/ros/humble/share/rmw_fastrtps_cpp/cmake)
[2.285s] -- Found OpenSSL: /usr/lib/x86_64-linux-gnu/libcrypto.so (found version "3.0.2")  
[2.314s] -- Found FastRTPS: /opt/ros/humble/include  
[2.362s] -- Using RMW implementation 'rmw_fastrtps_cpp' as default
[2.370s] -- Looking for C++ include pthread.h
[2.457s] -- Looking for C++ include pthread.h - found
[2.458s] -- Performing Test CMAKE_HAVE_LIBC_PTHREAD
[2.546s] -- Performing Test CMAKE_HAVE_LIBC_PTHREAD - Success
[2.547s] -- Found Threads: TRUE  
[2.591s] -- Found sensor_msgs: 4.8.0 (/opt/ros/humble/share/sensor_msgs/cmake)
[2.616s] -- Found cv_bridge: 3.2.1 (/opt/ros/humble/share/cv_bridge/cmake)
[2.644s] -- Found CUDA: /usr/local/cuda (found suitable exact version "11.8") 
[2.654s] -- Found tf2_ros: 0.25.12 (/opt/ros/humble/share/tf2_ros/cmake)
[2.757s] -- Found CUDA: /usr/local/cuda (found version "11.8") 
[2.758s] -- Caffe2: CUDA detected: 11.8
[2.758s] -- Caffe2: CUDA nvcc is: /usr/local/cuda/bin/nvcc
[2.758s] -- Caffe2: CUDA toolkit directory: /usr/local/cuda
[2.859s] -- Caffe2: Header version is: 11.8
[2.870s] [33mCMake Warning at /libtorch/share/cmake/Caffe2/public/cuda.cmake:166 (message):
[2.870s]   Failed to compute shorthash for libnvrtc.so
[2.870s] Call Stack (most recent call first):
[2.870s]   /libtorch/share/cmake/Caffe2/Caffe2Config.cmake:88 (include)
[2.870s]   /libtorch/share/cmake/Torch/TorchConfig.cmake:68 (find_package)
[2.870s]   CMakeLists.txt:24 (find_package)
[2.870s] 
[2.870s] [0m
[2.874s] -- Found CUDNN: /usr/lib/x86_64-linux-gnu/libcudnn.so  
[3.785s] -- Autodetected CUDA architecture(s):  8.6
[3.785s] -- Added CUDA NVCC flags for: -gencode;arch=compute_86,code=sm_86
[3.816s] -- Found Torch: /libtorch/lib/libtorch.so  
[3.833s] -- Found OpenCV: /usr/local (found suitable version "4.8.0", minimum required is "4") 
[3.840s] -- Found OpenGL: /usr/lib/x86_64-linux-gnu/libOpenGL.so   
[3.859s] -- librealsense2 not found; RealSense example will be disabled.
[3.919s] -- Configuring done
[4.021s] -- Generating done
[4.038s] -- Build files have been written to: /home/shadygm/projects/Photo-SLAM-ROS/build/photo-slam-ros
[4.050s] Invoked command in '/home/shadygm/projects/Photo-SLAM-ROS/build/photo-slam-ros' returned '0': CMAKE_PREFIX_PATH=${CMAKE_PREFIX_PATH}:/opt/ros/humble /usr/bin/cmake /home/shadygm/projects/Photo-SLAM-ROS -DCMAKE_BUILD_TYPE=Release -DAMENT_CMAKE_SYMLINK_INSTALL=1 -DCMAKE_INSTALL_PREFIX=/home/shadygm/projects/Photo-SLAM-ROS/install/photo-slam-ros
[4.052s] Invoking command in '/home/shadygm/projects/Photo-SLAM-ROS/build/photo-slam-ros': CMAKE_PREFIX_PATH=${CMAKE_PREFIX_PATH}:/opt/ros/humble /usr/bin/cmake --build /home/shadygm/projects/Photo-SLAM-ROS/build/photo-slam-ros -- -j16 -l16
[4.111s] [ 13%] [32mBuilding CUDA object CMakeFiles/cuda_rasterizer.dir/src/stereo_vision.cu.o[0m
[4.112s] [ 17%] [32mBuilding CUDA object CMakeFiles/cuda_rasterizer.dir/cuda_rasterizer/rasterizer_impl.cu.o[0m
[4.112s] [ 17%] [32mBuilding CXX object CMakeFiles/imgui.dir/viewer/imgui/imgui_impl_glfw.cpp.o[0m
[4.112s] [ 17%] [32mBuilding CXX object CMakeFiles/imgui.dir/viewer/imgui/imgui_widgets.cpp.o[0m
[4.112s] [ 17%] [32mBuilding CUDA object CMakeFiles/cuda_rasterizer.dir/src/rasterize_points.cu.o[0m
[4.112s] [ 17%] [32mBuilding CXX object CMakeFiles/imgui.dir/viewer/imgui/imgui_impl_opengl3.cpp.o[0m
[4.112s] [ 21%] [32mBuilding CUDA object CMakeFiles/cuda_rasterizer.dir/cuda_rasterizer/forward.cu.o[0m
[4.112s] [ 21%] [32mBuilding CXX object CMakeFiles/imgui.dir/viewer/imgui/imgui_tables.cpp.o[0m
[4.112s] [ 23%] [32mBuilding CUDA object CMakeFiles/simple_knn.dir/third_party/simple-knn/simple_knn.cu.o[0m
[4.112s] [ 26%] [32mBuilding CXX object CMakeFiles/imgui.dir/viewer/imgui/imgui_demo.cpp.o[0m
[4.112s] [ 17%] [32mBuilding CUDA object CMakeFiles/simple_knn.dir/third_party/simple-knn/spatial.cu.o[0m
[4.112s] [ 28%] [32mBuilding CUDA object CMakeFiles/cuda_rasterizer.dir/src/operate_points.cu.o[0m
[4.113s] [ 17%] [32mBuilding CUDA object CMakeFiles/cuda_rasterizer.dir/cuda_rasterizer/backward.cu.o[0m
[4.113s] [ 30%] [32mBuilding CXX object CMakeFiles/imgui.dir/viewer/imgui/imgui.cpp.o[0m
[4.113s] [ 32%] [32mBuilding CXX object CMakeFiles/imgui.dir/viewer/imgui/imgui_draw.cpp.o[0m
[5.047s] [01m[K/home/shadygm/projects/Photo-SLAM-ROS/third_party/simple-knn/simple_knn.cu:23:[m[K [01;35m[Kwarning: [m[K"__CUDACC__" redefined
[5.047s]    23 | #define __CUDACC__
[5.047s]       | 
[5.047s] [01m[K<command-line>:[m[K [01;36m[Knote: [m[Kthis is the location of the previous definition
[6.340s] [01m[K/home/shadygm/projects/Photo-SLAM-ROS/third_party/simple-knn/simple_knn.cu:23:[m[K [01;35m[Kwarning: [m[K"__CUDACC__" redefined
[6.341s]    23 | #define __CUDACC__
[6.341s]       | 
[6.341s] [01m[K<command-line>:[m[K [01;36m[Knote: [m[Kthis is the location of the previous definition
[13.609s] [ 34%] [32m[1mLinking CXX shared library ../../lib/libimgui.so[0m
[13.744s] [ 34%] Built target imgui
[54.407s] [ 36%] [32m[1mLinking CUDA shared library ../../lib/libsimple_knn.so[0m
[55.028s] [ 36%] Built target simple_knn
[77.750s] [ 39%] [32m[1mLinking CUDA shared library ../../lib/libcuda_rasterizer.so[0m
[78.308s] [ 39%] Built target cuda_rasterizer
[78.330s] [ 50%] [32mBuilding CXX object CMakeFiles/gaussian_mapper.dir/src/gaussian_scene.cpp.o[0m
[78.330s] [ 50%] [32mBuilding CXX object CMakeFiles/gaussian_mapper.dir/src/gaussian_rasterizer.cpp.o[0m
[78.330s] [ 50%] [32mBuilding CXX object CMakeFiles/gaussian_mapper.dir/src/gaussian_renderer.cpp.o[0m
[78.330s] [ 50%] [32mBuilding CXX object CMakeFiles/gaussian_mapper.dir/src/gaussian_keyframe.cpp.o[0m
[78.330s] [ 50%] [32mBuilding CXX object CMakeFiles/gaussian_mapper.dir/src/gaussian_parameters.cpp.o[0m
[78.330s] [ 54%] [32mBuilding CXX object CMakeFiles/gaussian_mapper.dir/src/gaussian_model.cpp.o[0m
[78.330s] [ 54%] [32mBuilding CXX object CMakeFiles/gaussian_mapper.dir/third_party/tinyply/tinyply.cpp.o[0m
[78.331s] [ 56%] [32mBuilding CXX object CMakeFiles/gaussian_mapper.dir/src/gaussian_mapper.cpp.o[0m
[78.332s] [ 60%] [32mBuilding CXX object CMakeFiles/gaussian_mapper.dir/src/gaussian_trainer.cpp.o[0m
[78.332s] [ 60%] [32mBuilding CXX object CMakeFiles/gaussian_mapper.dir/src/gaussian_ros_publisher.cpp.o[0m
[78.340s] [01m[K/home/shadygm/projects/Photo-SLAM-ROS/src/gaussian_ros_publisher.cpp:1:10:[m[K [01;31m[Kfatal error: [m[Kgaussian_publisher/gaussian_publisher.hpp: No such file or directory
[78.340s]     1 | #include [01;31m[K"gaussian_publisher/gaussian_publisher.hpp"[m[K
[78.341s]       |          [01;31m[K^~~~~~~~~~~~~~~~~~~~~~~~~~~~~~~~~~~~~~~~~~~[m[K
[78.341s] compilation terminated.
[78.341s] gmake[2]: *** [CMakeFiles/gaussian_mapper.dir/build.make:202: CMakeFiles/gaussian_mapper.dir/src/gaussian_ros_publisher.cpp.o] Error 1
[78.341s] gmake[2]: *** Waiting for unfinished jobs....
[107.073s] gmake[1]: *** [CMakeFiles/Makefile2:238: CMakeFiles/gaussian_mapper.dir/all] Error 2
[107.073s] gmake: *** [Makefile:146: all] Error 2
[107.076s] Invoked command in '/home/shadygm/projects/Photo-SLAM-ROS/build/photo-slam-ros' returned '2': CMAKE_PREFIX_PATH=${CMAKE_PREFIX_PATH}:/opt/ros/humble /usr/bin/cmake --build /home/shadygm/projects/Photo-SLAM-ROS/build/photo-slam-ros -- -j16 -l16
