[0.012s] Invoking command in '/home/shadygm/projects/Photo-SLAM-ROS/build/photo-slam-ros': CMAKE_PREFIX_PATH=${CMAKE_PREFIX_PATH}:/opt/ros/humble /usr/bin/cmake --build /home/shadygm/projects/Photo-SLAM-ROS/build/photo-slam-ros -- -j16 -l16
[0.039s] -- Found ament_cmake: 1.3.11 (/opt/ros/humble/share/ament_cmake/cmake)
[0.139s] -- Override CMake install command with custom implementation using symlinks instead of copying resources
[0.146s] -- Found rclcpp: 16.0.12 (/opt/ros/humble/share/rclcpp/cmake)
[0.170s] -- Found rosidl_generator_c: 3.1.6 (/opt/ros/humble/share/rosidl_generator_c/cmake)
[0.173s] -- Found rosidl_adapter: 3.1.6 (/opt/ros/humble/share/rosidl_adapter/cmake)
[0.178s] -- Found rosidl_generator_cpp: 3.1.6 (/opt/ros/humble/share/rosidl_generator_cpp/cmake)
[0.186s] -- Using all available rosidl_typesupport_c: rosidl_typesupport_fastrtps_c;rosidl_typesupport_introspection_c
[0.196s] -- Using all available rosidl_typesupport_cpp: rosidl_typesupport_fastrtps_cpp;rosidl_typesupport_introspection_cpp
[0.223s] -- Found rmw_implementation_cmake: 6.1.2 (/opt/ros/humble/share/rmw_implementation_cmake/cmake)
[0.225s] -- Found rmw_fastrtps_cpp: 6.2.7 (/opt/ros/humble/share/rmw_fastrtps_cpp/cmake)
[0.331s] -- Using RMW implementation 'rmw_fastrtps_cpp' as default
[0.371s] -- Found sensor_msgs: 4.8.0 (/opt/ros/humble/share/sensor_msgs/cmake)
[0.394s] -- Found cv_bridge: 3.2.1 (/opt/ros/humble/share/cv_bridge/cmake)
[0.401s] -- Found CUDA: /usr/local/cuda (found suitable exact version "11.8") 
[0.409s] -- Found tf2_ros: 0.25.12 (/opt/ros/humble/share/tf2_ros/cmake)
[0.481s] -- Found gaussian_interface: 0.0.1 (/home/shadygm/projects/Photo-SLAM-ROS/gaussian_interface/install/gaussian_interface/share/gaussian_interface/cmake)
[0.496s] -- Found CUDA: /usr/local/cuda (found version "11.8") 
[0.497s] -- Caffe2: CUDA detected: 11.8
[0.497s] -- Caffe2: CUDA nvcc is: /usr/local/cuda/bin/nvcc
[0.497s] -- Caffe2: CUDA toolkit directory: /usr/local/cuda
[0.595s] -- Caffe2: Header version is: 11.8
[0.603s] [33mCMake Warning at /libtorch/share/cmake/Caffe2/public/cuda.cmake:166 (message):
[0.603s]   Failed to compute shorthash for libnvrtc.so
[0.603s] Call Stack (most recent call first):
[0.603s]   /libtorch/share/cmake/Caffe2/Caffe2Config.cmake:88 (include)
[0.604s]   /libtorch/share/cmake/Torch/TorchConfig.cmake:68 (find_package)
[0.604s]   CMakeLists.txt:26 (find_package)
[0.604s] 
[0.604s] [0m
[1.507s] -- Autodetected CUDA architecture(s):  8.6
[1.507s] -- Added CUDA NVCC flags for: -gencode;arch=compute_86,code=sm_86
[1.562s] -- librealsense2 not found; RealSense example will be disabled.
[1.620s] -- Configuring done
[1.758s] -- Generating done
[1.780s] -- Build files have been written to: /home/shadygm/projects/Photo-SLAM-ROS/build/photo-slam-ros
[1.810s] [35m[1mConsolidate compiler generated dependencies of target imgui[0m
[1.813s] [35m[1mConsolidate compiler generated dependencies of target simple_knn[0m
[1.823s] [35m[1mConsolidate compiler generated dependencies of target cuda_rasterizer[0m
[1.827s] [ 17%] Built target imgui
[1.899s] [ 23%] Built target simple_knn
[1.938s] [ 39%] Built target cuda_rasterizer
[1.974s] [35m[1mConsolidate compiler generated dependencies of target gaussian_mapper[0m
[2.130s] [ 41%] [32mBuilding CXX object CMakeFiles/gaussian_mapper.dir/third_party/tinyply/tinyply.cpp.o[0m
[2.154s] [ 43%] [32mBuilding CXX object CMakeFiles/gaussian_mapper.dir/src/gaussian_keyframe.cpp.o[0m
[2.157s] [ 47%] [32mBuilding CXX object CMakeFiles/gaussian_mapper.dir/src/gaussian_parameters.cpp.o[0m
[2.158s] [ 47%] [32mBuilding CXX object CMakeFiles/gaussian_mapper.dir/src/gaussian_model.cpp.o[0m
[2.160s] [ 50%] [32mBuilding CXX object CMakeFiles/gaussian_mapper.dir/src/gaussian_rasterizer.cpp.o[0m
[2.164s] [ 52%] [32mBuilding CXX object CMakeFiles/gaussian_mapper.dir/src/gaussian_renderer.cpp.o[0m
[2.169s] [ 54%] [32mBuilding CXX object CMakeFiles/gaussian_mapper.dir/src/gaussian_scene.cpp.o[0m
[2.177s] [ 56%] [32mBuilding CXX object CMakeFiles/gaussian_mapper.dir/src/gaussian_trainer.cpp.o[0m
[2.180s] [ 60%] [32mBuilding CXX object CMakeFiles/gaussian_mapper.dir/src/gaussian_ros_publisher.cpp.o[0m
[2.181s] [ 60%] [32mBuilding CXX object CMakeFiles/gaussian_mapper.dir/src/gaussian_mapper.cpp.o[0m
[2.853s] [01m[K/home/shadygm/projects/Photo-SLAM-ROS/src/gaussian_ros_publisher.cpp:60:10:[m[K [01;31m[Kfatal error: [m[Krclcpp_components/register_node_macro.hpp: No such file or directory
[2.853s]    60 | #include [01;31m[K"rclcpp_components/register_node_macro.hpp"[m[K
[2.853s]       |          [01;31m[K^~~~~~~~~~~~~~~~~~~~~~~~~~~~~~~~~~~~~~~~~~~[m[K
[2.853s] compilation terminated.
[2.858s] gmake[2]: *** [CMakeFiles/gaussian_mapper.dir/build.make:202: CMakeFiles/gaussian_mapper.dir/src/gaussian_ros_publisher.cpp.o] Error 1
[2.858s] gmake[2]: *** Waiting for unfinished jobs....
[6.036s] gmake[2]: *** [CMakeFiles/gaussian_mapper.dir/build.make:90: CMakeFiles/gaussian_mapper.dir/src/gaussian_keyframe.cpp.o] Interrupt
[6.037s] gmake[2]: *** [CMakeFiles/gaussian_mapper.dir/build.make:104: CMakeFiles/gaussian_mapper.dir/src/gaussian_model.cpp.o] Interrupt
[6.037s] gmake[2]: *** [CMakeFiles/gaussian_mapper.dir/build.make:132: CMakeFiles/gaussian_mapper.dir/src/gaussian_rasterizer.cpp.o] Interrupt
[6.037s] gmake[2]: *** [CMakeFiles/gaussian_mapper.dir/build.make:146: CMakeFiles/gaussian_mapper.dir/src/gaussian_renderer.cpp.o] Interrupt
[6.037s] gmake[2]: *** [CMakeFiles/gaussian_mapper.dir/build.make:160: CMakeFiles/gaussian_mapper.dir/src/gaussian_scene.cpp.o] Interrupt
[6.037s] gmake[2]: *** [CMakeFiles/gaussian_mapper.dir/build.make:174: CMakeFiles/gaussian_mapper.dir/src/gaussian_trainer.cpp.o] Interrupt
[6.037s] gmake[2]: *** [CMakeFiles/gaussian_mapper.dir/build.make:188: CMakeFiles/gaussian_mapper.dir/src/gaussian_mapper.cpp.o] Interrupt
[6.037s] gmake[1]: *** [CMakeFiles/Makefile2:238: CMakeFiles/gaussian_mapper.dir/all] Interrupt
[6.038s] gmake: *** [Makefile:146: all] Interrupt
[6.102s] Invoked command in '/home/shadygm/projects/Photo-SLAM-ROS/build/photo-slam-ros' returned '-2': CMAKE_PREFIX_PATH=${CMAKE_PREFIX_PATH}:/opt/ros/humble /usr/bin/cmake --build /home/shadygm/projects/Photo-SLAM-ROS/build/photo-slam-ros -- -j16 -l16
