-- The C compiler identification is GNU 11.4.0
-- The CXX compiler identification is GNU 11.4.0
-- Detecting C compiler ABI info
-- Detecting C compiler ABI info - done
-- Check for working C compiler: /usr/bin/cc - skipped
-- Detecting C compile features
-- Detecting C compile features - done
-- Detecting CXX compiler ABI info
-- Detecting CXX compiler ABI info - done
-- Check for working CXX compiler: /usr/bin/c++ - skipped
-- Detecting CXX compile features
-- Detecting CXX compile features - done
-- Found ament_cmake: 1.3.11 (/opt/ros/humble/share/ament_cmake/cmake)
-- Found Python3: /usr/bin/python3 (found version "3.10.12") found components: Interpreter 
-- Found geometry_msgs: 4.8.0 (/opt/ros/humble/share/geometry_msgs/cmake)
-- Found rosidl_generator_c: 3.1.6 (/opt/ros/humble/share/rosidl_generator_c/cmake)
-- Found rosidl_adapter: 3.1.6 (/opt/ros/humble/share/rosidl_adapter/cmake)
-- Found rosidl_generator_cpp: 3.1.6 (/opt/ros/humble/share/rosidl_generator_cpp/cmake)
-- Using all available rosidl_typesupport_c: rosidl_typesupport_fastrtps_c;rosidl_typesupport_introspection_c
-- Using all available rosidl_typesupport_cpp: rosidl_typesupport_fastrtps_cpp;rosidl_typesupport_introspection_cpp
-- Found rosidl_default_generators: 1.2.0 (/opt/ros/humble/share/rosidl_default_generators/cmake)
-- Found ament_cmake_ros: 0.10.0 (/opt/ros/humble/share/ament_cmake_ros/cmake)
-- Using all available rosidl_typesupport_c: rosidl_typesupport_fastrtps_c;rosidl_typesupport_introspection_c
-- Using all available rosidl_typesupport_cpp: rosidl_typesupport_fastrtps_cpp;rosidl_typesupport_introspection_cpp
-- Found PythonInterp: /usr/bin/python3 (found suitable version "3.10.12", minimum required is "3.6") 
-- Found python_cmake_module: 0.10.0 (/opt/ros/humble/share/python_cmake_module/cmake)
-- Found PythonLibs: /usr/lib/x86_64-linux-gnu/libpython3.10.so (found suitable version "3.10.12", minimum required is "3.5") 
-- Using PYTHON_EXECUTABLE: /usr/bin/python3
-- Using PYTHON_INCLUDE_DIRS: /usr/include/python3.10
-- Using PYTHON_LIBRARIES: /usr/lib/x86_64-linux-gnu/libpython3.10.so
-- Found PythonExtra: .so  
-- Found ament_lint_auto: 0.12.12 (/opt/ros/humble/share/ament_lint_auto/cmake)
-- Added test 'cppcheck' to perform static code analysis on C / C++ code
-- Configured cppcheck include dirs: $<BUILD_INTERFACE:/home/shadygm/projects/Photo-SLAM-ROS/gaussian_interface/build/gaussian_interface/rosidl_generator_c>;$<BUILD_INTERFACE:/home/shadygm/projects/Photo-SLAM-ROS/gaussian_interface/build/gaussian_interface/rosidl_typesupport_fastrtps_c>;$<BUILD_INTERFACE:/home/shadygm/projects/Photo-SLAM-ROS/gaussian_interface/build/gaussian_interface/rosidl_generator_cpp>;$<BUILD_INTERFACE:/home/shadygm/projects/Photo-SLAM-ROS/gaussian_interface/build/gaussian_interface/rosidl_typesupport_fastrtps_cpp>;$<BUILD_INTERFACE:/home/shadygm/projects/Photo-SLAM-ROS/gaussian_interface/build/gaussian_interface/rosidl_typesupport_introspection_c>;$<BUILD_INTERFACE:/home/shadygm/projects/Photo-SLAM-ROS/gaussian_interface/build/gaussian_interface/rosidl_typesupport_introspection_cpp>;/home/shadygm/projects/Photo-SLAM-ROS/gaussian_interface/build/gaussian_interface/rosidl_generator_c;/home/shadygm/projects/Photo-SLAM-ROS/gaussian_interface/build/gaussian_interface/rosidl_generator_py
-- Configured cppcheck exclude dirs and/or files: 
-- Added test 'flake8' to check Python code syntax and style conventions
-- Added test 'lint_cmake' to check CMake code style
-- Added test 'pep257' to check Python code against some of the docstring style conventions in PEP 257
-- Added test 'uncrustify' to check C / C++ code style
-- Configured uncrustify additional arguments: 
-- Added test 'xmllint' to check XML markup files
-- Configuring done
-- Generating done
-- Build files have been written to: /home/shadygm/projects/Photo-SLAM-ROS/gaussian_interface/build/gaussian_interface
[  2%] [34m[1mGenerating C code for ROS interfaces[0m
[  5%] [34m[1mGenerating C++ code for ROS interfaces[0m
[  5%] Built target ament_cmake_python_copy_gaussian_interface
running egg_info
creating gaussian_interface.egg-info
writing gaussian_interface.egg-info/PKG-INFO
writing dependency_links to gaussian_interface.egg-info/dependency_links.txt
writing top-level names to gaussian_interface.egg-info/top_level.txt
writing manifest file 'gaussian_interface.egg-info/SOURCES.txt'
reading manifest file 'gaussian_interface.egg-info/SOURCES.txt'
writing manifest file 'gaussian_interface.egg-info/SOURCES.txt'
[  5%] Built target ament_cmake_python_build_gaussian_interface_egg
[  5%] Built target gaussian_interface__cpp
[ 10%] [32mBuilding C object CMakeFiles/gaussian_interface__rosidl_generator_c.dir/rosidl_generator_c/gaussian_interface/msg/detail/single_gaussian__functions.c.o[0m
[ 10%] [32mBuilding C object CMakeFiles/gaussian_interface__rosidl_generator_c.dir/rosidl_generator_c/gaussian_interface/msg/detail/gaussian_array__functions.c.o[0m
[ 17%] [34m[1mGenerating C++ introspection for ROS interfaces[0m
[ 17%] [34m[1mGenerating C++ type support for eProsima Fast-RTPS[0m
[ 17%] [34m[1mGenerating C++ type support dispatch for ROS interfaces[0m
[ 20%] [32m[1mLinking C shared library libgaussian_interface__rosidl_generator_c.so[0m
[ 20%] Built target gaussian_interface__rosidl_generator_c
[ 28%] [34m[1mGenerating C type support dispatch for ROS interfaces[0m
[ 28%] [34m[1mGenerating C type support for eProsima Fast-RTPS[0m
[ 28%] [34m[1mGenerating C introspection for ROS interfaces[0m
[ 33%] [32mBuilding CXX object CMakeFiles/gaussian_interface__rosidl_typesupport_cpp.dir/rosidl_typesupport_cpp/gaussian_interface/msg/gaussian_array__type_support.cpp.o[0m
[ 33%] [32mBuilding CXX object CMakeFiles/gaussian_interface__rosidl_typesupport_cpp.dir/rosidl_typesupport_cpp/gaussian_interface/msg/single_gaussian__type_support.cpp.o[0m
[ 35%] [32mBuilding CXX object CMakeFiles/gaussian_interface__rosidl_typesupport_introspection_cpp.dir/rosidl_typesupport_introspection_cpp/gaussian_interface/msg/detail/gaussian_array__type_support.cpp.o[0m
[ 38%] [32mBuilding CXX object CMakeFiles/gaussian_interface__rosidl_typesupport_introspection_cpp.dir/rosidl_typesupport_introspection_cpp/gaussian_interface/msg/detail/single_gaussian__type_support.cpp.o[0m
[ 41%] [32mBuilding CXX object CMakeFiles/gaussian_interface__rosidl_typesupport_fastrtps_cpp.dir/rosidl_typesupport_fastrtps_cpp/gaussian_interface/msg/detail/dds_fastrtps/gaussian_array__type_support.cpp.o[0m
[ 43%] [32mBuilding CXX object CMakeFiles/gaussian_interface__rosidl_typesupport_fastrtps_cpp.dir/rosidl_typesupport_fastrtps_cpp/gaussian_interface/msg/detail/dds_fastrtps/single_gaussian__type_support.cpp.o[0m
[ 46%] [32mBuilding CXX object CMakeFiles/gaussian_interface__rosidl_typesupport_c.dir/rosidl_typesupport_c/gaussian_interface/msg/single_gaussian__type_support.cpp.o[0m
[ 48%] [32mBuilding CXX object CMakeFiles/gaussian_interface__rosidl_typesupport_c.dir/rosidl_typesupport_c/gaussian_interface/msg/gaussian_array__type_support.cpp.o[0m
[ 51%] [32mBuilding C object CMakeFiles/gaussian_interface__rosidl_typesupport_introspection_c.dir/rosidl_typesupport_introspection_c/gaussian_interface/msg/detail/gaussian_array__type_support.c.o[0m
[ 53%] [32mBuilding C object CMakeFiles/gaussian_interface__rosidl_typesupport_introspection_c.dir/rosidl_typesupport_introspection_c/gaussian_interface/msg/detail/single_gaussian__type_support.c.o[0m
[ 56%] [32mBuilding CXX object CMakeFiles/gaussian_interface__rosidl_typesupport_fastrtps_c.dir/rosidl_typesupport_fastrtps_c/gaussian_interface/msg/detail/gaussian_array__type_support_c.cpp.o[0m
[ 58%] [32mBuilding CXX object CMakeFiles/gaussian_interface__rosidl_typesupport_fastrtps_c.dir/rosidl_typesupport_fastrtps_c/gaussian_interface/msg/detail/single_gaussian__type_support_c.cpp.o[0m
[ 61%] [32m[1mLinking CXX shared library libgaussian_interface__rosidl_typesupport_c.so[0m
[ 64%] [32m[1mLinking C shared library libgaussian_interface__rosidl_typesupport_introspection_c.so[0m
[ 64%] Built target gaussian_interface__rosidl_typesupport_c
[ 64%] Built target gaussian_interface__rosidl_typesupport_introspection_c
[ 66%] [32m[1mLinking CXX shared library libgaussian_interface__rosidl_typesupport_cpp.so[0m
[ 66%] Built target gaussian_interface__rosidl_typesupport_cpp
[ 69%] [32m[1mLinking CXX shared library libgaussian_interface__rosidl_typesupport_introspection_cpp.so[0m
[ 71%] [32m[1mLinking CXX shared library libgaussian_interface__rosidl_typesupport_fastrtps_cpp.so[0m
[ 74%] [32m[1mLinking CXX shared library libgaussian_interface__rosidl_typesupport_fastrtps_c.so[0m
[ 74%] Built target gaussian_interface__rosidl_typesupport_introspection_cpp
[ 74%] Built target gaussian_interface__rosidl_typesupport_fastrtps_cpp
[ 74%] Built target gaussian_interface__rosidl_typesupport_fastrtps_c
[ 74%] Built target gaussian_interface
[ 76%] [34m[1mGenerating Python code for ROS interfaces[0m
[ 76%] Built target gaussian_interface__py
[ 82%] [32mBuilding C object CMakeFiles/gaussian_interface__rosidl_generator_py.dir/rosidl_generator_py/gaussian_interface/msg/_gaussian_array_s.c.o[0m
[ 82%] [32mBuilding C object CMakeFiles/gaussian_interface__rosidl_generator_py.dir/rosidl_generator_py/gaussian_interface/msg/_single_gaussian_s.c.o[0m
[ 84%] [32m[1mLinking C shared library rosidl_generator_py/gaussian_interface/libgaussian_interface__rosidl_generator_py.so[0m
[ 84%] Built target gaussian_interface__rosidl_generator_py
[ 92%] [32mBuilding C object CMakeFiles/gaussian_interface__rosidl_typesupport_fastrtps_c__pyext.dir/rosidl_generator_py/gaussian_interface/_gaussian_interface_s.ep.rosidl_typesupport_fastrtps_c.c.o[0m
[ 92%] [32mBuilding C object CMakeFiles/gaussian_interface__rosidl_typesupport_c__pyext.dir/rosidl_generator_py/gaussian_interface/_gaussian_interface_s.ep.rosidl_typesupport_c.c.o[0m
[ 92%] [32mBuilding C object CMakeFiles/gaussian_interface__rosidl_typesupport_introspection_c__pyext.dir/rosidl_generator_py/gaussian_interface/_gaussian_interface_s.ep.rosidl_typesupport_introspection_c.c.o[0m
[100%] [32m[1mLinking C shared library rosidl_generator_py/gaussian_interface/gaussian_interface_s__rosidl_typesupport_fastrtps_c.cpython-310-x86_64-linux-gnu.so[0m
[100%] [32m[1mLinking C shared library rosidl_generator_py/gaussian_interface/gaussian_interface_s__rosidl_typesupport_introspection_c.cpython-310-x86_64-linux-gnu.so[0m
[100%] [32m[1mLinking C shared library rosidl_generator_py/gaussian_interface/gaussian_interface_s__rosidl_typesupport_c.cpython-310-x86_64-linux-gnu.so[0m
[100%] Built target gaussian_interface__rosidl_typesupport_introspection_c__pyext
[100%] Built target gaussian_interface__rosidl_typesupport_fastrtps_c__pyext
[100%] Built target gaussian_interface__rosidl_typesupport_c__pyext
-- Install configuration: ""
-- Installing: /home/shadygm/projects/Photo-SLAM-ROS/gaussian_interface/install/gaussian_interface/share/ament_index/resource_index/rosidl_interfaces/gaussian_interface
-- Installing: /home/shadygm/projects/Photo-SLAM-ROS/gaussian_interface/install/gaussian_interface/include/gaussian_interface/gaussian_interface
-- Installing: /home/shadygm/projects/Photo-SLAM-ROS/gaussian_interface/install/gaussian_interface/include/gaussian_interface/gaussian_interface/msg
-- Installing: /home/shadygm/projects/Photo-SLAM-ROS/gaussian_interface/install/gaussian_interface/include/gaussian_interface/gaussian_interface/msg/gaussian_array.h
-- Installing: /home/shadygm/projects/Photo-SLAM-ROS/gaussian_interface/install/gaussian_interface/include/gaussian_interface/gaussian_interface/msg/single_gaussian.h
-- Installing: /home/shadygm/projects/Photo-SLAM-ROS/gaussian_interface/install/gaussian_interface/include/gaussian_interface/gaussian_interface/msg/rosidl_generator_c__visibility_control.h
-- Installing: /home/shadygm/projects/Photo-SLAM-ROS/gaussian_interface/install/gaussian_interface/include/gaussian_interface/gaussian_interface/msg/detail
-- Installing: /home/shadygm/projects/Photo-SLAM-ROS/gaussian_interface/install/gaussian_interface/include/gaussian_interface/gaussian_interface/msg/detail/single_gaussian__struct.h
-- Installing: /home/shadygm/projects/Photo-SLAM-ROS/gaussian_interface/install/gaussian_interface/include/gaussian_interface/gaussian_interface/msg/detail/single_gaussian__functions.h
-- Installing: /home/shadygm/projects/Photo-SLAM-ROS/gaussian_interface/install/gaussian_interface/include/gaussian_interface/gaussian_interface/msg/detail/single_gaussian__functions.c
-- Installing: /home/shadygm/projects/Photo-SLAM-ROS/gaussian_interface/install/gaussian_interface/include/gaussian_interface/gaussian_interface/msg/detail/gaussian_array__type_support.h
-- Installing: /home/shadygm/projects/Photo-SLAM-ROS/gaussian_interface/install/gaussian_interface/include/gaussian_interface/gaussian_interface/msg/detail/gaussian_array__functions.h
-- Installing: /home/shadygm/projects/Photo-SLAM-ROS/gaussian_interface/install/gaussian_interface/include/gaussian_interface/gaussian_interface/msg/detail/gaussian_array__struct.h
-- Installing: /home/shadygm/projects/Photo-SLAM-ROS/gaussian_interface/install/gaussian_interface/include/gaussian_interface/gaussian_interface/msg/detail/gaussian_array__functions.c
-- Installing: /home/shadygm/projects/Photo-SLAM-ROS/gaussian_interface/install/gaussian_interface/include/gaussian_interface/gaussian_interface/msg/detail/single_gaussian__type_support.h
-- Installing: /home/shadygm/projects/Photo-SLAM-ROS/gaussian_interface/install/gaussian_interface/share/gaussian_interface/environment/library_path.sh
-- Installing: /home/shadygm/projects/Photo-SLAM-ROS/gaussian_interface/install/gaussian_interface/share/gaussian_interface/environment/library_path.dsv
-- Installing: /home/shadygm/projects/Photo-SLAM-ROS/gaussian_interface/install/gaussian_interface/lib/libgaussian_interface__rosidl_generator_c.so
-- Set runtime path of "/home/shadygm/projects/Photo-SLAM-ROS/gaussian_interface/install/gaussian_interface/lib/libgaussian_interface__rosidl_generator_c.so" to ""
-- Up-to-date: /home/shadygm/projects/Photo-SLAM-ROS/gaussian_interface/install/gaussian_interface/include/gaussian_interface/gaussian_interface
-- Up-to-date: /home/shadygm/projects/Photo-SLAM-ROS/gaussian_interface/install/gaussian_interface/include/gaussian_interface/gaussian_interface/msg
-- Up-to-date: /home/shadygm/projects/Photo-SLAM-ROS/gaussian_interface/install/gaussian_interface/include/gaussian_interface/gaussian_interface/msg/detail
-- Installing: /home/shadygm/projects/Photo-SLAM-ROS/gaussian_interface/install/gaussian_interface/include/gaussian_interface/gaussian_interface/msg/detail/gaussian_array__rosidl_typesupport_fastrtps_c.h
-- Installing: /home/shadygm/projects/Photo-SLAM-ROS/gaussian_interface/install/gaussian_interface/include/gaussian_interface/gaussian_interface/msg/detail/single_gaussian__rosidl_typesupport_fastrtps_c.h
-- Installing: /home/shadygm/projects/Photo-SLAM-ROS/gaussian_interface/install/gaussian_interface/include/gaussian_interface/gaussian_interface/msg/rosidl_typesupport_fastrtps_c__visibility_control.h
-- Installing: /home/shadygm/projects/Photo-SLAM-ROS/gaussian_interface/install/gaussian_interface/lib/libgaussian_interface__rosidl_typesupport_fastrtps_c.so
-- Set runtime path of "/home/shadygm/projects/Photo-SLAM-ROS/gaussian_interface/install/gaussian_interface/lib/libgaussian_interface__rosidl_typesupport_fastrtps_c.so" to ""
-- Up-to-date: /home/shadygm/projects/Photo-SLAM-ROS/gaussian_interface/install/gaussian_interface/include/gaussian_interface/gaussian_interface
-- Up-to-date: /home/shadygm/projects/Photo-SLAM-ROS/gaussian_interface/install/gaussian_interface/include/gaussian_interface/gaussian_interface/msg
-- Installing: /home/shadygm/projects/Photo-SLAM-ROS/gaussian_interface/install/gaussian_interface/include/gaussian_interface/gaussian_interface/msg/rosidl_generator_cpp__visibility_control.hpp
-- Up-to-date: /home/shadygm/projects/Photo-SLAM-ROS/gaussian_interface/install/gaussian_interface/include/gaussian_interface/gaussian_interface/msg/detail
-- Installing: /home/shadygm/projects/Photo-SLAM-ROS/gaussian_interface/install/gaussian_interface/include/gaussian_interface/gaussian_interface/msg/detail/single_gaussian__traits.hpp
-- Installing: /home/shadygm/projects/Photo-SLAM-ROS/gaussian_interface/install/gaussian_interface/include/gaussian_interface/gaussian_interface/msg/detail/single_gaussian__type_support.hpp
-- Installing: /home/shadygm/projects/Photo-SLAM-ROS/gaussian_interface/install/gaussian_interface/include/gaussian_interface/gaussian_interface/msg/detail/single_gaussian__struct.hpp
-- Installing: /home/shadygm/projects/Photo-SLAM-ROS/gaussian_interface/install/gaussian_interface/include/gaussian_interface/gaussian_interface/msg/detail/gaussian_array__type_support.hpp
-- Installing: /home/shadygm/projects/Photo-SLAM-ROS/gaussian_interface/install/gaussian_interface/include/gaussian_interface/gaussian_interface/msg/detail/gaussian_array__traits.hpp
-- Installing: /home/shadygm/projects/Photo-SLAM-ROS/gaussian_interface/install/gaussian_interface/include/gaussian_interface/gaussian_interface/msg/detail/single_gaussian__builder.hpp
-- Installing: /home/shadygm/projects/Photo-SLAM-ROS/gaussian_interface/install/gaussian_interface/include/gaussian_interface/gaussian_interface/msg/detail/gaussian_array__builder.hpp
-- Installing: /home/shadygm/projects/Photo-SLAM-ROS/gaussian_interface/install/gaussian_interface/include/gaussian_interface/gaussian_interface/msg/detail/gaussian_array__struct.hpp
-- Installing: /home/shadygm/projects/Photo-SLAM-ROS/gaussian_interface/install/gaussian_interface/include/gaussian_interface/gaussian_interface/msg/gaussian_array.hpp
-- Installing: /home/shadygm/projects/Photo-SLAM-ROS/gaussian_interface/install/gaussian_interface/include/gaussian_interface/gaussian_interface/msg/single_gaussian.hpp
-- Up-to-date: /home/shadygm/projects/Photo-SLAM-ROS/gaussian_interface/install/gaussian_interface/include/gaussian_interface/gaussian_interface
-- Up-to-date: /home/shadygm/projects/Photo-SLAM-ROS/gaussian_interface/install/gaussian_interface/include/gaussian_interface/gaussian_interface/msg
-- Installing: /home/shadygm/projects/Photo-SLAM-ROS/gaussian_interface/install/gaussian_interface/include/gaussian_interface/gaussian_interface/msg/rosidl_typesupport_fastrtps_cpp__visibility_control.h
-- Up-to-date: /home/shadygm/projects/Photo-SLAM-ROS/gaussian_interface/install/gaussian_interface/include/gaussian_interface/gaussian_interface/msg/detail
-- Installing: /home/shadygm/projects/Photo-SLAM-ROS/gaussian_interface/install/gaussian_interface/include/gaussian_interface/gaussian_interface/msg/detail/gaussian_array__rosidl_typesupport_fastrtps_cpp.hpp
-- Installing: /home/shadygm/projects/Photo-SLAM-ROS/gaussian_interface/install/gaussian_interface/include/gaussian_interface/gaussian_interface/msg/detail/dds_fastrtps
-- Installing: /home/shadygm/projects/Photo-SLAM-ROS/gaussian_interface/install/gaussian_interface/include/gaussian_interface/gaussian_interface/msg/detail/single_gaussian__rosidl_typesupport_fastrtps_cpp.hpp
-- Installing: /home/shadygm/projects/Photo-SLAM-ROS/gaussian_interface/install/gaussian_interface/lib/libgaussian_interface__rosidl_typesupport_fastrtps_cpp.so
-- Set runtime path of "/home/shadygm/projects/Photo-SLAM-ROS/gaussian_interface/install/gaussian_interface/lib/libgaussian_interface__rosidl_typesupport_fastrtps_cpp.so" to ""
-- Up-to-date: /home/shadygm/projects/Photo-SLAM-ROS/gaussian_interface/install/gaussian_interface/include/gaussian_interface/gaussian_interface
-- Up-to-date: /home/shadygm/projects/Photo-SLAM-ROS/gaussian_interface/install/gaussian_interface/include/gaussian_interface/gaussian_interface/msg
-- Installing: /home/shadygm/projects/Photo-SLAM-ROS/gaussian_interface/install/gaussian_interface/include/gaussian_interface/gaussian_interface/msg/rosidl_typesupport_introspection_c__visibility_control.h
-- Up-to-date: /home/shadygm/projects/Photo-SLAM-ROS/gaussian_interface/install/gaussian_interface/include/gaussian_interface/gaussian_interface/msg/detail
-- Installing: /home/shadygm/projects/Photo-SLAM-ROS/gaussian_interface/install/gaussian_interface/include/gaussian_interface/gaussian_interface/msg/detail/single_gaussian__rosidl_typesupport_introspection_c.h
-- Installing: /home/shadygm/projects/Photo-SLAM-ROS/gaussian_interface/install/gaussian_interface/include/gaussian_interface/gaussian_interface/msg/detail/single_gaussian__type_support.c
-- Installing: /home/shadygm/projects/Photo-SLAM-ROS/gaussian_interface/install/gaussian_interface/include/gaussian_interface/gaussian_interface/msg/detail/gaussian_array__type_support.c
-- Installing: /home/shadygm/projects/Photo-SLAM-ROS/gaussian_interface/install/gaussian_interface/include/gaussian_interface/gaussian_interface/msg/detail/gaussian_array__rosidl_typesupport_introspection_c.h
-- Installing: /home/shadygm/projects/Photo-SLAM-ROS/gaussian_interface/install/gaussian_interface/lib/libgaussian_interface__rosidl_typesupport_introspection_c.so
-- Set runtime path of "/home/shadygm/projects/Photo-SLAM-ROS/gaussian_interface/install/gaussian_interface/lib/libgaussian_interface__rosidl_typesupport_introspection_c.so" to ""
-- Installing: /home/shadygm/projects/Photo-SLAM-ROS/gaussian_interface/install/gaussian_interface/lib/libgaussian_interface__rosidl_typesupport_c.so
-- Set runtime path of "/home/shadygm/projects/Photo-SLAM-ROS/gaussian_interface/install/gaussian_interface/lib/libgaussian_interface__rosidl_typesupport_c.so" to ""
-- Up-to-date: /home/shadygm/projects/Photo-SLAM-ROS/gaussian_interface/install/gaussian_interface/include/gaussian_interface/gaussian_interface
-- Up-to-date: /home/shadygm/projects/Photo-SLAM-ROS/gaussian_interface/install/gaussian_interface/include/gaussian_interface/gaussian_interface/msg
-- Up-to-date: /home/shadygm/projects/Photo-SLAM-ROS/gaussian_interface/install/gaussian_interface/include/gaussian_interface/gaussian_interface/msg/detail
-- Installing: /home/shadygm/projects/Photo-SLAM-ROS/gaussian_interface/install/gaussian_interface/include/gaussian_interface/gaussian_interface/msg/detail/gaussian_array__rosidl_typesupport_introspection_cpp.hpp
-- Installing: /home/shadygm/projects/Photo-SLAM-ROS/gaussian_interface/install/gaussian_interface/include/gaussian_interface/gaussian_interface/msg/detail/single_gaussian__type_support.cpp
-- Installing: /home/shadygm/projects/Photo-SLAM-ROS/gaussian_interface/install/gaussian_interface/include/gaussian_interface/gaussian_interface/msg/detail/single_gaussian__rosidl_typesupport_introspection_cpp.hpp
-- Installing: /home/shadygm/projects/Photo-SLAM-ROS/gaussian_interface/install/gaussian_interface/include/gaussian_interface/gaussian_interface/msg/detail/gaussian_array__type_support.cpp
-- Installing: /home/shadygm/projects/Photo-SLAM-ROS/gaussian_interface/install/gaussian_interface/lib/libgaussian_interface__rosidl_typesupport_introspection_cpp.so
-- Set runtime path of "/home/shadygm/projects/Photo-SLAM-ROS/gaussian_interface/install/gaussian_interface/lib/libgaussian_interface__rosidl_typesupport_introspection_cpp.so" to ""
-- Installing: /home/shadygm/projects/Photo-SLAM-ROS/gaussian_interface/install/gaussian_interface/lib/libgaussian_interface__rosidl_typesupport_cpp.so
-- Set runtime path of "/home/shadygm/projects/Photo-SLAM-ROS/gaussian_interface/install/gaussian_interface/lib/libgaussian_interface__rosidl_typesupport_cpp.so" to ""
-- Installing: /home/shadygm/projects/Photo-SLAM-ROS/gaussian_interface/install/gaussian_interface/share/gaussian_interface/environment/pythonpath.sh
-- Installing: /home/shadygm/projects/Photo-SLAM-ROS/gaussian_interface/install/gaussian_interface/share/gaussian_interface/environment/pythonpath.dsv
-- Installing: /home/shadygm/projects/Photo-SLAM-ROS/gaussian_interface/install/gaussian_interface/local/lib/python3.10/dist-packages/gaussian_interface-0.0.1-py3.10.egg-info
-- Installing: /home/shadygm/projects/Photo-SLAM-ROS/gaussian_interface/install/gaussian_interface/local/lib/python3.10/dist-packages/gaussian_interface-0.0.1-py3.10.egg-info/PKG-INFO
-- Installing: /home/shadygm/projects/Photo-SLAM-ROS/gaussian_interface/install/gaussian_interface/local/lib/python3.10/dist-packages/gaussian_interface-0.0.1-py3.10.egg-info/SOURCES.txt
-- Installing: /home/shadygm/projects/Photo-SLAM-ROS/gaussian_interface/install/gaussian_interface/local/lib/python3.10/dist-packages/gaussian_interface-0.0.1-py3.10.egg-info/top_level.txt
-- Installing: /home/shadygm/projects/Photo-SLAM-ROS/gaussian_interface/install/gaussian_interface/local/lib/python3.10/dist-packages/gaussian_interface-0.0.1-py3.10.egg-info/dependency_links.txt
-- Installing: /home/shadygm/projects/Photo-SLAM-ROS/gaussian_interface/install/gaussian_interface/local/lib/python3.10/dist-packages/gaussian_interface
-- Installing: /home/shadygm/projects/Photo-SLAM-ROS/gaussian_interface/install/gaussian_interface/local/lib/python3.10/dist-packages/gaussian_interface/gaussian_interface_s__rosidl_typesupport_introspection_c.cpython-310-x86_64-linux-gnu.so
-- Installing: /home/shadygm/projects/Photo-SLAM-ROS/gaussian_interface/install/gaussian_interface/local/lib/python3.10/dist-packages/gaussian_interface/_gaussian_interface_s.ep.rosidl_typesupport_introspection_c.c
-- Installing: /home/shadygm/projects/Photo-SLAM-ROS/gaussian_interface/install/gaussian_interface/local/lib/python3.10/dist-packages/gaussian_interface/msg
-- Installing: /home/shadygm/projects/Photo-SLAM-ROS/gaussian_interface/install/gaussian_interface/local/lib/python3.10/dist-packages/gaussian_interface/msg/_single_gaussian.py
-- Installing: /home/shadygm/projects/Photo-SLAM-ROS/gaussian_interface/install/gaussian_interface/local/lib/python3.10/dist-packages/gaussian_interface/msg/__init__.py
-- Installing: /home/shadygm/projects/Photo-SLAM-ROS/gaussian_interface/install/gaussian_interface/local/lib/python3.10/dist-packages/gaussian_interface/msg/_gaussian_array_s.c
-- Installing: /home/shadygm/projects/Photo-SLAM-ROS/gaussian_interface/install/gaussian_interface/local/lib/python3.10/dist-packages/gaussian_interface/msg/_single_gaussian_s.c
-- Installing: /home/shadygm/projects/Photo-SLAM-ROS/gaussian_interface/install/gaussian_interface/local/lib/python3.10/dist-packages/gaussian_interface/msg/_gaussian_array.py
-- Installing: /home/shadygm/projects/Photo-SLAM-ROS/gaussian_interface/install/gaussian_interface/local/lib/python3.10/dist-packages/gaussian_interface/_gaussian_interface_s.ep.rosidl_typesupport_fastrtps_c.c
-- Installing: /home/shadygm/projects/Photo-SLAM-ROS/gaussian_interface/install/gaussian_interface/local/lib/python3.10/dist-packages/gaussian_interface/__init__.py
-- Installing: /home/shadygm/projects/Photo-SLAM-ROS/gaussian_interface/install/gaussian_interface/local/lib/python3.10/dist-packages/gaussian_interface/_gaussian_interface_s.ep.rosidl_typesupport_c.c
-- Installing: /home/shadygm/projects/Photo-SLAM-ROS/gaussian_interface/install/gaussian_interface/local/lib/python3.10/dist-packages/gaussian_interface/gaussian_interface_s__rosidl_typesupport_fastrtps_c.cpython-310-x86_64-linux-gnu.so
-- Installing: /home/shadygm/projects/Photo-SLAM-ROS/gaussian_interface/install/gaussian_interface/local/lib/python3.10/dist-packages/gaussian_interface/libgaussian_interface__rosidl_generator_py.so
-- Installing: /home/shadygm/projects/Photo-SLAM-ROS/gaussian_interface/install/gaussian_interface/local/lib/python3.10/dist-packages/gaussian_interface/gaussian_interface_s__rosidl_typesupport_c.cpython-310-x86_64-linux-gnu.so
Listing '/home/shadygm/projects/Photo-SLAM-ROS/gaussian_interface/install/gaussian_interface/local/lib/python3.10/dist-packages/gaussian_interface'...
Compiling '/home/shadygm/projects/Photo-SLAM-ROS/gaussian_interface/install/gaussian_interface/local/lib/python3.10/dist-packages/gaussian_interface/__init__.py'...
Listing '/home/shadygm/projects/Photo-SLAM-ROS/gaussian_interface/install/gaussian_interface/local/lib/python3.10/dist-packages/gaussian_interface/msg'...
Compiling '/home/shadygm/projects/Photo-SLAM-ROS/gaussian_interface/install/gaussian_interface/local/lib/python3.10/dist-packages/gaussian_interface/msg/__init__.py'...
Compiling '/home/shadygm/projects/Photo-SLAM-ROS/gaussian_interface/install/gaussian_interface/local/lib/python3.10/dist-packages/gaussian_interface/msg/_gaussian_array.py'...
Compiling '/home/shadygm/projects/Photo-SLAM-ROS/gaussian_interface/install/gaussian_interface/local/lib/python3.10/dist-packages/gaussian_interface/msg/_single_gaussian.py'...
-- Installing: /home/shadygm/projects/Photo-SLAM-ROS/gaussian_interface/install/gaussian_interface/local/lib/python3.10/dist-packages/gaussian_interface/gaussian_interface_s__rosidl_typesupport_fastrtps_c.cpython-310-x86_64-linux-gnu.so
-- Set runtime path of "/home/shadygm/projects/Photo-SLAM-ROS/gaussian_interface/install/gaussian_interface/local/lib/python3.10/dist-packages/gaussian_interface/gaussian_interface_s__rosidl_typesupport_fastrtps_c.cpython-310-x86_64-linux-gnu.so" to ""
-- Installing: /home/shadygm/projects/Photo-SLAM-ROS/gaussian_interface/install/gaussian_interface/local/lib/python3.10/dist-packages/gaussian_interface/gaussian_interface_s__rosidl_typesupport_introspection_c.cpython-310-x86_64-linux-gnu.so
-- Set runtime path of "/home/shadygm/projects/Photo-SLAM-ROS/gaussian_interface/install/gaussian_interface/local/lib/python3.10/dist-packages/gaussian_interface/gaussian_interface_s__rosidl_typesupport_introspection_c.cpython-310-x86_64-linux-gnu.so" to ""
-- Installing: /home/shadygm/projects/Photo-SLAM-ROS/gaussian_interface/install/gaussian_interface/local/lib/python3.10/dist-packages/gaussian_interface/gaussian_interface_s__rosidl_typesupport_c.cpython-310-x86_64-linux-gnu.so
-- Set runtime path of "/home/shadygm/projects/Photo-SLAM-ROS/gaussian_interface/install/gaussian_interface/local/lib/python3.10/dist-packages/gaussian_interface/gaussian_interface_s__rosidl_typesupport_c.cpython-310-x86_64-linux-gnu.so" to ""
-- Installing: /home/shadygm/projects/Photo-SLAM-ROS/gaussian_interface/install/gaussian_interface/lib/libgaussian_interface__rosidl_generator_py.so
-- Set runtime path of "/home/shadygm/projects/Photo-SLAM-ROS/gaussian_interface/install/gaussian_interface/lib/libgaussian_interface__rosidl_generator_py.so" to ""
-- Installing: /home/shadygm/projects/Photo-SLAM-ROS/gaussian_interface/install/gaussian_interface/share/gaussian_interface/msg/SingleGaussian.idl
-- Installing: /home/shadygm/projects/Photo-SLAM-ROS/gaussian_interface/install/gaussian_interface/share/gaussian_interface/msg/GaussianArray.idl
-- Installing: /home/shadygm/projects/Photo-SLAM-ROS/gaussian_interface/install/gaussian_interface/share/gaussian_interface/msg/SingleGaussian.msg
-- Installing: /home/shadygm/projects/Photo-SLAM-ROS/gaussian_interface/install/gaussian_interface/share/gaussian_interface/msg/GaussianArray.msg
-- Installing: /home/shadygm/projects/Photo-SLAM-ROS/gaussian_interface/install/gaussian_interface/share/ament_index/resource_index/package_run_dependencies/gaussian_interface
-- Installing: /home/shadygm/projects/Photo-SLAM-ROS/gaussian_interface/install/gaussian_interface/share/ament_index/resource_index/parent_prefix_path/gaussian_interface
-- Installing: /home/shadygm/projects/Photo-SLAM-ROS/gaussian_interface/install/gaussian_interface/share/gaussian_interface/environment/ament_prefix_path.sh
-- Installing: /home/shadygm/projects/Photo-SLAM-ROS/gaussian_interface/install/gaussian_interface/share/gaussian_interface/environment/ament_prefix_path.dsv
-- Installing: /home/shadygm/projects/Photo-SLAM-ROS/gaussian_interface/install/gaussian_interface/share/gaussian_interface/environment/path.sh
-- Installing: /home/shadygm/projects/Photo-SLAM-ROS/gaussian_interface/install/gaussian_interface/share/gaussian_interface/environment/path.dsv
-- Installing: /home/shadygm/projects/Photo-SLAM-ROS/gaussian_interface/install/gaussian_interface/share/gaussian_interface/local_setup.bash
-- Installing: /home/shadygm/projects/Photo-SLAM-ROS/gaussian_interface/install/gaussian_interface/share/gaussian_interface/local_setup.sh
-- Installing: /home/shadygm/projects/Photo-SLAM-ROS/gaussian_interface/install/gaussian_interface/share/gaussian_interface/local_setup.zsh
-- Installing: /home/shadygm/projects/Photo-SLAM-ROS/gaussian_interface/install/gaussian_interface/share/gaussian_interface/local_setup.dsv
-- Installing: /home/shadygm/projects/Photo-SLAM-ROS/gaussian_interface/install/gaussian_interface/share/gaussian_interface/package.dsv
-- Installing: /home/shadygm/projects/Photo-SLAM-ROS/gaussian_interface/install/gaussian_interface/share/ament_index/resource_index/packages/gaussian_interface
-- Installing: /home/shadygm/projects/Photo-SLAM-ROS/gaussian_interface/install/gaussian_interface/share/gaussian_interface/cmake/export_gaussian_interface__rosidl_generator_cExport.cmake
-- Installing: /home/shadygm/projects/Photo-SLAM-ROS/gaussian_interface/install/gaussian_interface/share/gaussian_interface/cmake/export_gaussian_interface__rosidl_generator_cExport-noconfig.cmake
-- Installing: /home/shadygm/projects/Photo-SLAM-ROS/gaussian_interface/install/gaussian_interface/share/gaussian_interface/cmake/export_gaussian_interface__rosidl_typesupport_fastrtps_cExport.cmake
-- Installing: /home/shadygm/projects/Photo-SLAM-ROS/gaussian_interface/install/gaussian_interface/share/gaussian_interface/cmake/export_gaussian_interface__rosidl_typesupport_fastrtps_cExport-noconfig.cmake
-- Installing: /home/shadygm/projects/Photo-SLAM-ROS/gaussian_interface/install/gaussian_interface/share/gaussian_interface/cmake/export_gaussian_interface__rosidl_generator_cppExport.cmake
-- Installing: /home/shadygm/projects/Photo-SLAM-ROS/gaussian_interface/install/gaussian_interface/share/gaussian_interface/cmake/export_gaussian_interface__rosidl_typesupport_fastrtps_cppExport.cmake
-- Installing: /home/shadygm/projects/Photo-SLAM-ROS/gaussian_interface/install/gaussian_interface/share/gaussian_interface/cmake/export_gaussian_interface__rosidl_typesupport_fastrtps_cppExport-noconfig.cmake
-- Installing: /home/shadygm/projects/Photo-SLAM-ROS/gaussian_interface/install/gaussian_interface/share/gaussian_interface/cmake/gaussian_interface__rosidl_typesupport_introspection_cExport.cmake
-- Installing: /home/shadygm/projects/Photo-SLAM-ROS/gaussian_interface/install/gaussian_interface/share/gaussian_interface/cmake/gaussian_interface__rosidl_typesupport_introspection_cExport-noconfig.cmake
-- Installing: /home/shadygm/projects/Photo-SLAM-ROS/gaussian_interface/install/gaussian_interface/share/gaussian_interface/cmake/gaussian_interface__rosidl_typesupport_cExport.cmake
-- Installing: /home/shadygm/projects/Photo-SLAM-ROS/gaussian_interface/install/gaussian_interface/share/gaussian_interface/cmake/gaussian_interface__rosidl_typesupport_cExport-noconfig.cmake
-- Installing: /home/shadygm/projects/Photo-SLAM-ROS/gaussian_interface/install/gaussian_interface/share/gaussian_interface/cmake/gaussian_interface__rosidl_typesupport_introspection_cppExport.cmake
-- Installing: /home/shadygm/projects/Photo-SLAM-ROS/gaussian_interface/install/gaussian_interface/share/gaussian_interface/cmake/gaussian_interface__rosidl_typesupport_introspection_cppExport-noconfig.cmake
-- Installing: /home/shadygm/projects/Photo-SLAM-ROS/gaussian_interface/install/gaussian_interface/share/gaussian_interface/cmake/gaussian_interface__rosidl_typesupport_cppExport.cmake
-- Installing: /home/shadygm/projects/Photo-SLAM-ROS/gaussian_interface/install/gaussian_interface/share/gaussian_interface/cmake/gaussian_interface__rosidl_typesupport_cppExport-noconfig.cmake
-- Installing: /home/shadygm/projects/Photo-SLAM-ROS/gaussian_interface/install/gaussian_interface/share/gaussian_interface/cmake/export_gaussian_interface__rosidl_generator_pyExport.cmake
-- Installing: /home/shadygm/projects/Photo-SLAM-ROS/gaussian_interface/install/gaussian_interface/share/gaussian_interface/cmake/export_gaussian_interface__rosidl_generator_pyExport-noconfig.cmake
-- Installing: /home/shadygm/projects/Photo-SLAM-ROS/gaussian_interface/install/gaussian_interface/share/gaussian_interface/cmake/rosidl_cmake-extras.cmake
-- Installing: /home/shadygm/projects/Photo-SLAM-ROS/gaussian_interface/install/gaussian_interface/share/gaussian_interface/cmake/ament_cmake_export_dependencies-extras.cmake
-- Installing: /home/shadygm/projects/Photo-SLAM-ROS/gaussian_interface/install/gaussian_interface/share/gaussian_interface/cmake/ament_cmake_export_include_directories-extras.cmake
-- Installing: /home/shadygm/projects/Photo-SLAM-ROS/gaussian_interface/install/gaussian_interface/share/gaussian_interface/cmake/ament_cmake_export_libraries-extras.cmake
-- Installing: /home/shadygm/projects/Photo-SLAM-ROS/gaussian_interface/install/gaussian_interface/share/gaussian_interface/cmake/ament_cmake_export_targets-extras.cmake
-- Installing: /home/shadygm/projects/Photo-SLAM-ROS/gaussian_interface/install/gaussian_interface/share/gaussian_interface/cmake/rosidl_cmake_export_typesupport_targets-extras.cmake
-- Installing: /home/shadygm/projects/Photo-SLAM-ROS/gaussian_interface/install/gaussian_interface/share/gaussian_interface/cmake/rosidl_cmake_export_typesupport_libraries-extras.cmake
-- Installing: /home/shadygm/projects/Photo-SLAM-ROS/gaussian_interface/install/gaussian_interface/share/gaussian_interface/cmake/gaussian_interfaceConfig.cmake
-- Installing: /home/shadygm/projects/Photo-SLAM-ROS/gaussian_interface/install/gaussian_interface/share/gaussian_interface/cmake/gaussian_interfaceConfig-version.cmake
-- Installing: /home/shadygm/projects/Photo-SLAM-ROS/gaussian_interface/install/gaussian_interface/share/gaussian_interface/package.xml
