[0.010s] Invoking command in '/home/shadygm/projects/Photo-SLAM-ROS/gaussian_interface/build/gaussian_interface': CMAKE_PREFIX_PATH=/opt/ros/humble /usr/bin/cmake /home/shadygm/projects/Photo-SLAM-ROS/gaussian_interface -DCMAKE_INSTALL_PREFIX=/home/shadygm/projects/Photo-SLAM-ROS/gaussian_interface/install/gaussian_interface
[0.064s] -- The C compiler identification is GNU 11.4.0
[0.114s] -- The CXX compiler identification is GNU 11.4.0
[0.121s] -- Detecting C compiler ABI info
[0.186s] -- Detecting C compiler ABI info - done
[0.191s] -- Check for working C compiler: /usr/bin/cc - skipped
[0.191s] -- Detecting C compile features
[0.192s] -- Detecting C compile features - done
[0.194s] -- Detecting CXX compiler ABI info
[0.272s] -- Detecting CXX compiler ABI info - done
[0.278s] -- Check for working CXX compiler: /usr/bin/c++ - skipped
[0.278s] -- Detecting CXX compile features
[0.278s] -- Detecting CXX compile features - done
[0.280s] -- Found ament_cmake: 1.3.11 (/opt/ros/humble/share/ament_cmake/cmake)
[0.407s] -- Found Python3: /usr/bin/python3 (found version "3.10.12") found components: Interpreter 
[0.486s] -- Found geometry_msgs: 4.8.0 (/opt/ros/humble/share/geometry_msgs/cmake)
[0.517s] -- Found rosidl_generator_c: 3.1.6 (/opt/ros/humble/share/rosidl_generator_c/cmake)
[0.521s] -- Found rosidl_adapter: 3.1.6 (/opt/ros/humble/share/rosidl_adapter/cmake)
[0.528s] -- Found rosidl_generator_cpp: 3.1.6 (/opt/ros/humble/share/rosidl_generator_cpp/cmake)
[0.538s] -- Using all available rosidl_typesupport_c: rosidl_typesupport_fastrtps_c;rosidl_typesupport_introspection_c
[0.551s] -- Using all available rosidl_typesupport_cpp: rosidl_typesupport_fastrtps_cpp;rosidl_typesupport_introspection_cpp
[0.587s] -- Found rosidl_default_generators: 1.2.0 (/opt/ros/humble/share/rosidl_default_generators/cmake)
[0.830s] -- Found ament_cmake_ros: 0.10.0 (/opt/ros/humble/share/ament_cmake_ros/cmake)
[1.185s] -- Using all available rosidl_typesupport_c: rosidl_typesupport_fastrtps_c;rosidl_typesupport_introspection_c
[1.323s] -- Using all available rosidl_typesupport_cpp: rosidl_typesupport_fastrtps_cpp;rosidl_typesupport_introspection_cpp
[1.343s] -- Found PythonInterp: /usr/bin/python3 (found suitable version "3.10.12", minimum required is "3.6") 
[1.344s] -- Found python_cmake_module: 0.10.0 (/opt/ros/humble/share/python_cmake_module/cmake)
[1.367s] -- Found PythonLibs: /usr/lib/x86_64-linux-gnu/libpython3.10.so (found suitable version "3.10.12", minimum required is "3.5") 
[1.367s] -- Using PYTHON_EXECUTABLE: /usr/bin/python3
[1.367s] -- Using PYTHON_INCLUDE_DIRS: /usr/include/python3.10
[1.367s] -- Using PYTHON_LIBRARIES: /usr/lib/x86_64-linux-gnu/libpython3.10.so
[1.386s] -- Found PythonExtra: .so  
[1.435s] -- Found ament_lint_auto: 0.12.12 (/opt/ros/humble/share/ament_lint_auto/cmake)
[1.473s] -- Added test 'cppcheck' to perform static code analysis on C / C++ code
[1.473s] -- Configured cppcheck include dirs: $<BUILD_INTERFACE:/home/shadygm/projects/Photo-SLAM-ROS/gaussian_interface/build/gaussian_interface/rosidl_generator_c>;$<BUILD_INTERFACE:/home/shadygm/projects/Photo-SLAM-ROS/gaussian_interface/build/gaussian_interface/rosidl_typesupport_fastrtps_c>;$<BUILD_INTERFACE:/home/shadygm/projects/Photo-SLAM-ROS/gaussian_interface/build/gaussian_interface/rosidl_generator_cpp>;$<BUILD_INTERFACE:/home/shadygm/projects/Photo-SLAM-ROS/gaussian_interface/build/gaussian_interface/rosidl_typesupport_fastrtps_cpp>;$<BUILD_INTERFACE:/home/shadygm/projects/Photo-SLAM-ROS/gaussian_interface/build/gaussian_interface/rosidl_typesupport_introspection_c>;$<BUILD_INTERFACE:/home/shadygm/projects/Photo-SLAM-ROS/gaussian_interface/build/gaussian_interface/rosidl_typesupport_introspection_cpp>;/home/shadygm/projects/Photo-SLAM-ROS/gaussian_interface/build/gaussian_interface/rosidl_generator_c;/home/shadygm/projects/Photo-SLAM-ROS/gaussian_interface/build/gaussian_interface/rosidl_generator_py
[1.473s] -- Configured cppcheck exclude dirs and/or files: 
[1.476s] -- Added test 'flake8' to check Python code syntax and style conventions
[1.480s] -- Added test 'lint_cmake' to check CMake code style
[1.482s] -- Added test 'pep257' to check Python code against some of the docstring style conventions in PEP 257
[1.498s] -- Added test 'uncrustify' to check C / C++ code style
[1.498s] -- Configured uncrustify additional arguments: 
[1.500s] -- Added test 'xmllint' to check XML markup files
[1.504s] -- Configuring done
[1.543s] -- Generating done
[1.554s] -- Build files have been written to: /home/shadygm/projects/Photo-SLAM-ROS/gaussian_interface/build/gaussian_interface
[1.562s] Invoked command in '/home/shadygm/projects/Photo-SLAM-ROS/gaussian_interface/build/gaussian_interface' returned '0': CMAKE_PREFIX_PATH=/opt/ros/humble /usr/bin/cmake /home/shadygm/projects/Photo-SLAM-ROS/gaussian_interface -DCMAKE_INSTALL_PREFIX=/home/shadygm/projects/Photo-SLAM-ROS/gaussian_interface/install/gaussian_interface
[1.563s] Invoking command in '/home/shadygm/projects/Photo-SLAM-ROS/gaussian_interface/build/gaussian_interface': CMAKE_PREFIX_PATH=/opt/ros/humble /usr/bin/cmake --build /home/shadygm/projects/Photo-SLAM-ROS/gaussian_interface/build/gaussian_interface -- -j16 -l16
[1.605s] [  2%] [34m[1mGenerating C code for ROS interfaces[0m
[1.614s] [  5%] [34m[1mGenerating C++ code for ROS interfaces[0m
[1.622s] [  5%] Built target ament_cmake_python_copy_gaussian_interface
[1.817s] running egg_info
[1.817s] creating gaussian_interface.egg-info
[1.817s] writing gaussian_interface.egg-info/PKG-INFO
[1.817s] writing dependency_links to gaussian_interface.egg-info/dependency_links.txt
[1.817s] writing top-level names to gaussian_interface.egg-info/top_level.txt
[1.818s] writing manifest file 'gaussian_interface.egg-info/SOURCES.txt'
[1.819s] reading manifest file 'gaussian_interface.egg-info/SOURCES.txt'
[1.820s] writing manifest file 'gaussian_interface.egg-info/SOURCES.txt'
[1.843s] [  5%] Built target ament_cmake_python_build_gaussian_interface_egg
[1.908s] [  5%] Built target gaussian_interface__cpp
[1.912s] [ 10%] [32mBuilding C object CMakeFiles/gaussian_interface__rosidl_generator_c.dir/rosidl_generator_c/gaussian_interface/msg/detail/single_gaussian__functions.c.o[0m
[1.912s] [ 10%] [32mBuilding C object CMakeFiles/gaussian_interface__rosidl_generator_c.dir/rosidl_generator_c/gaussian_interface/msg/detail/gaussian_array__functions.c.o[0m
[1.918s] [ 17%] [34m[1mGenerating C++ introspection for ROS interfaces[0m
[1.919s] [ 17%] [34m[1mGenerating C++ type support for eProsima Fast-RTPS[0m
[1.919s] [ 17%] [34m[1mGenerating C++ type support dispatch for ROS interfaces[0m
[1.963s] [ 20%] [32m[1mLinking C shared library libgaussian_interface__rosidl_generator_c.so[0m
[2.005s] [ 20%] Built target gaussian_interface__rosidl_generator_c
[2.016s] [ 28%] [34m[1mGenerating C type support dispatch for ROS interfaces[0m
[2.016s] [ 28%] [34m[1mGenerating C type support for eProsima Fast-RTPS[0m
[2.016s] [ 28%] [34m[1mGenerating C introspection for ROS interfaces[0m
[2.191s] [ 33%] [32mBuilding CXX object CMakeFiles/gaussian_interface__rosidl_typesupport_cpp.dir/rosidl_typesupport_cpp/gaussian_interface/msg/gaussian_array__type_support.cpp.o[0m
[2.191s] [ 33%] [32mBuilding CXX object CMakeFiles/gaussian_interface__rosidl_typesupport_cpp.dir/rosidl_typesupport_cpp/gaussian_interface/msg/single_gaussian__type_support.cpp.o[0m
[2.202s] [ 35%] [32mBuilding CXX object CMakeFiles/gaussian_interface__rosidl_typesupport_introspection_cpp.dir/rosidl_typesupport_introspection_cpp/gaussian_interface/msg/detail/gaussian_array__type_support.cpp.o[0m
[2.202s] [ 38%] [32mBuilding CXX object CMakeFiles/gaussian_interface__rosidl_typesupport_introspection_cpp.dir/rosidl_typesupport_introspection_cpp/gaussian_interface/msg/detail/single_gaussian__type_support.cpp.o[0m
[2.237s] [ 41%] [32mBuilding CXX object CMakeFiles/gaussian_interface__rosidl_typesupport_fastrtps_cpp.dir/rosidl_typesupport_fastrtps_cpp/gaussian_interface/msg/detail/dds_fastrtps/gaussian_array__type_support.cpp.o[0m
[2.238s] [ 43%] [32mBuilding CXX object CMakeFiles/gaussian_interface__rosidl_typesupport_fastrtps_cpp.dir/rosidl_typesupport_fastrtps_cpp/gaussian_interface/msg/detail/dds_fastrtps/single_gaussian__type_support.cpp.o[0m
[2.337s] [ 46%] [32mBuilding CXX object CMakeFiles/gaussian_interface__rosidl_typesupport_c.dir/rosidl_typesupport_c/gaussian_interface/msg/single_gaussian__type_support.cpp.o[0m
[2.338s] [ 48%] [32mBuilding CXX object CMakeFiles/gaussian_interface__rosidl_typesupport_c.dir/rosidl_typesupport_c/gaussian_interface/msg/gaussian_array__type_support.cpp.o[0m
[2.350s] [ 51%] [32mBuilding C object CMakeFiles/gaussian_interface__rosidl_typesupport_introspection_c.dir/rosidl_typesupport_introspection_c/gaussian_interface/msg/detail/gaussian_array__type_support.c.o[0m
[2.355s] [ 53%] [32mBuilding C object CMakeFiles/gaussian_interface__rosidl_typesupport_introspection_c.dir/rosidl_typesupport_introspection_c/gaussian_interface/msg/detail/single_gaussian__type_support.c.o[0m
[2.383s] [ 56%] [32mBuilding CXX object CMakeFiles/gaussian_interface__rosidl_typesupport_fastrtps_c.dir/rosidl_typesupport_fastrtps_c/gaussian_interface/msg/detail/gaussian_array__type_support_c.cpp.o[0m
[2.383s] [ 58%] [32mBuilding CXX object CMakeFiles/gaussian_interface__rosidl_typesupport_fastrtps_c.dir/rosidl_typesupport_fastrtps_c/gaussian_interface/msg/detail/single_gaussian__type_support_c.cpp.o[0m
[2.385s] [ 61%] [32m[1mLinking CXX shared library libgaussian_interface__rosidl_typesupport_c.so[0m
[2.438s] [ 64%] [32m[1mLinking C shared library libgaussian_interface__rosidl_typesupport_introspection_c.so[0m
[2.478s] [ 64%] Built target gaussian_interface__rosidl_typesupport_c
[2.490s] [ 64%] Built target gaussian_interface__rosidl_typesupport_introspection_c
[2.554s] [ 66%] [32m[1mLinking CXX shared library libgaussian_interface__rosidl_typesupport_cpp.so[0m
[2.600s] [ 66%] Built target gaussian_interface__rosidl_typesupport_cpp
[2.716s] [ 69%] [32m[1mLinking CXX shared library libgaussian_interface__rosidl_typesupport_introspection_cpp.so[0m
[2.743s] [ 71%] [32m[1mLinking CXX shared library libgaussian_interface__rosidl_typesupport_fastrtps_cpp.so[0m
[2.751s] [ 74%] [32m[1mLinking CXX shared library libgaussian_interface__rosidl_typesupport_fastrtps_c.so[0m
[2.803s] [ 74%] Built target gaussian_interface__rosidl_typesupport_introspection_cpp
[2.827s] [ 74%] Built target gaussian_interface__rosidl_typesupport_fastrtps_cpp
[2.830s] [ 74%] Built target gaussian_interface__rosidl_typesupport_fastrtps_c
[2.850s] [ 74%] Built target gaussian_interface
[2.871s] [ 76%] [34m[1mGenerating Python code for ROS interfaces[0m
[3.275s] [ 76%] Built target gaussian_interface__py
[3.295s] [ 82%] [32mBuilding C object CMakeFiles/gaussian_interface__rosidl_generator_py.dir/rosidl_generator_py/gaussian_interface/msg/_gaussian_array_s.c.o[0m
[3.295s] [ 82%] [32mBuilding C object CMakeFiles/gaussian_interface__rosidl_generator_py.dir/rosidl_generator_py/gaussian_interface/msg/_single_gaussian_s.c.o[0m
[3.407s] [ 84%] [32m[1mLinking C shared library rosidl_generator_py/gaussian_interface/libgaussian_interface__rosidl_generator_py.so[0m
[3.449s] [ 84%] Built target gaussian_interface__rosidl_generator_py
[3.469s] [ 92%] [32mBuilding C object CMakeFiles/gaussian_interface__rosidl_typesupport_fastrtps_c__pyext.dir/rosidl_generator_py/gaussian_interface/_gaussian_interface_s.ep.rosidl_typesupport_fastrtps_c.c.o[0m
[3.469s] [ 92%] [32mBuilding C object CMakeFiles/gaussian_interface__rosidl_typesupport_c__pyext.dir/rosidl_generator_py/gaussian_interface/_gaussian_interface_s.ep.rosidl_typesupport_c.c.o[0m
[3.469s] [ 92%] [32mBuilding C object CMakeFiles/gaussian_interface__rosidl_typesupport_introspection_c__pyext.dir/rosidl_generator_py/gaussian_interface/_gaussian_interface_s.ep.rosidl_typesupport_introspection_c.c.o[0m
[3.566s] [100%] [32m[1mLinking C shared library rosidl_generator_py/gaussian_interface/gaussian_interface_s__rosidl_typesupport_fastrtps_c.cpython-310-x86_64-linux-gnu.so[0m
[3.567s] [100%] [32m[1mLinking C shared library rosidl_generator_py/gaussian_interface/gaussian_interface_s__rosidl_typesupport_introspection_c.cpython-310-x86_64-linux-gnu.so[0m
[3.567s] [100%] [32m[1mLinking C shared library rosidl_generator_py/gaussian_interface/gaussian_interface_s__rosidl_typesupport_c.cpython-310-x86_64-linux-gnu.so[0m
[3.606s] [100%] Built target gaussian_interface__rosidl_typesupport_introspection_c__pyext
[3.606s] [100%] Built target gaussian_interface__rosidl_typesupport_fastrtps_c__pyext
[3.606s] [100%] Built target gaussian_interface__rosidl_typesupport_c__pyext
[3.619s] Invoked command in '/home/shadygm/projects/Photo-SLAM-ROS/gaussian_interface/build/gaussian_interface' returned '0': CMAKE_PREFIX_PATH=/opt/ros/humble /usr/bin/cmake --build /home/shadygm/projects/Photo-SLAM-ROS/gaussian_interface/build/gaussian_interface -- -j16 -l16
[3.629s] Invoking command in '/home/shadygm/projects/Photo-SLAM-ROS/gaussian_interface/build/gaussian_interface': CMAKE_PREFIX_PATH=/opt/ros/humble /usr/bin/cmake --install /home/shadygm/projects/Photo-SLAM-ROS/gaussian_interface/build/gaussian_interface
[3.636s] -- Install configuration: ""
[3.636s] -- Installing: /home/shadygm/projects/Photo-SLAM-ROS/gaussian_interface/install/gaussian_interface/share/ament_index/resource_index/rosidl_interfaces/gaussian_interface
[3.636s] -- Installing: /home/shadygm/projects/Photo-SLAM-ROS/gaussian_interface/install/gaussian_interface/include/gaussian_interface/gaussian_interface
[3.636s] -- Installing: /home/shadygm/projects/Photo-SLAM-ROS/gaussian_interface/install/gaussian_interface/include/gaussian_interface/gaussian_interface/msg
[3.636s] -- Installing: /home/shadygm/projects/Photo-SLAM-ROS/gaussian_interface/install/gaussian_interface/include/gaussian_interface/gaussian_interface/msg/gaussian_array.h
[3.637s] -- Installing: /home/shadygm/projects/Photo-SLAM-ROS/gaussian_interface/install/gaussian_interface/include/gaussian_interface/gaussian_interface/msg/single_gaussian.h
[3.637s] -- Installing: /home/shadygm/projects/Photo-SLAM-ROS/gaussian_interface/install/gaussian_interface/include/gaussian_interface/gaussian_interface/msg/rosidl_generator_c__visibility_control.h
[3.637s] -- Installing: /home/shadygm/projects/Photo-SLAM-ROS/gaussian_interface/install/gaussian_interface/include/gaussian_interface/gaussian_interface/msg/detail
[3.637s] -- Installing: /home/shadygm/projects/Photo-SLAM-ROS/gaussian_interface/install/gaussian_interface/include/gaussian_interface/gaussian_interface/msg/detail/single_gaussian__struct.h
[3.637s] -- Installing: /home/shadygm/projects/Photo-SLAM-ROS/gaussian_interface/install/gaussian_interface/include/gaussian_interface/gaussian_interface/msg/detail/single_gaussian__functions.h
[3.637s] -- Installing: /home/shadygm/projects/Photo-SLAM-ROS/gaussian_interface/install/gaussian_interface/include/gaussian_interface/gaussian_interface/msg/detail/single_gaussian__functions.c
[3.638s] -- Installing: /home/shadygm/projects/Photo-SLAM-ROS/gaussian_interface/install/gaussian_interface/include/gaussian_interface/gaussian_interface/msg/detail/gaussian_array__type_support.h
[3.638s] -- Installing: /home/shadygm/projects/Photo-SLAM-ROS/gaussian_interface/install/gaussian_interface/include/gaussian_interface/gaussian_interface/msg/detail/gaussian_array__functions.h
[3.638s] -- Installing: /home/shadygm/projects/Photo-SLAM-ROS/gaussian_interface/install/gaussian_interface/include/gaussian_interface/gaussian_interface/msg/detail/gaussian_array__struct.h
[3.638s] -- Installing: /home/shadygm/projects/Photo-SLAM-ROS/gaussian_interface/install/gaussian_interface/include/gaussian_interface/gaussian_interface/msg/detail/gaussian_array__functions.c
[3.638s] -- Installing: /home/shadygm/projects/Photo-SLAM-ROS/gaussian_interface/install/gaussian_interface/include/gaussian_interface/gaussian_interface/msg/detail/single_gaussian__type_support.h
[3.639s] -- Installing: /home/shadygm/projects/Photo-SLAM-ROS/gaussian_interface/install/gaussian_interface/share/gaussian_interface/environment/library_path.sh
[3.639s] -- Installing: /home/shadygm/projects/Photo-SLAM-ROS/gaussian_interface/install/gaussian_interface/share/gaussian_interface/environment/library_path.dsv
[3.639s] -- Installing: /home/shadygm/projects/Photo-SLAM-ROS/gaussian_interface/install/gaussian_interface/lib/libgaussian_interface__rosidl_generator_c.so
[3.640s] -- Set runtime path of "/home/shadygm/projects/Photo-SLAM-ROS/gaussian_interface/install/gaussian_interface/lib/libgaussian_interface__rosidl_generator_c.so" to ""
[3.640s] -- Up-to-date: /home/shadygm/projects/Photo-SLAM-ROS/gaussian_interface/install/gaussian_interface/include/gaussian_interface/gaussian_interface
[3.640s] -- Up-to-date: /home/shadygm/projects/Photo-SLAM-ROS/gaussian_interface/install/gaussian_interface/include/gaussian_interface/gaussian_interface/msg
[3.640s] -- Up-to-date: /home/shadygm/projects/Photo-SLAM-ROS/gaussian_interface/install/gaussian_interface/include/gaussian_interface/gaussian_interface/msg/detail
[3.640s] -- Installing: /home/shadygm/projects/Photo-SLAM-ROS/gaussian_interface/install/gaussian_interface/include/gaussian_interface/gaussian_interface/msg/detail/gaussian_array__rosidl_typesupport_fastrtps_c.h
[3.640s] -- Installing: /home/shadygm/projects/Photo-SLAM-ROS/gaussian_interface/install/gaussian_interface/include/gaussian_interface/gaussian_interface/msg/detail/single_gaussian__rosidl_typesupport_fastrtps_c.h
[3.640s] -- Installing: /home/shadygm/projects/Photo-SLAM-ROS/gaussian_interface/install/gaussian_interface/include/gaussian_interface/gaussian_interface/msg/rosidl_typesupport_fastrtps_c__visibility_control.h
[3.640s] -- Installing: /home/shadygm/projects/Photo-SLAM-ROS/gaussian_interface/install/gaussian_interface/lib/libgaussian_interface__rosidl_typesupport_fastrtps_c.so
[3.641s] -- Set runtime path of "/home/shadygm/projects/Photo-SLAM-ROS/gaussian_interface/install/gaussian_interface/lib/libgaussian_interface__rosidl_typesupport_fastrtps_c.so" to ""
[3.641s] -- Up-to-date: /home/shadygm/projects/Photo-SLAM-ROS/gaussian_interface/install/gaussian_interface/include/gaussian_interface/gaussian_interface
[3.641s] -- Up-to-date: /home/shadygm/projects/Photo-SLAM-ROS/gaussian_interface/install/gaussian_interface/include/gaussian_interface/gaussian_interface/msg
[3.641s] -- Installing: /home/shadygm/projects/Photo-SLAM-ROS/gaussian_interface/install/gaussian_interface/include/gaussian_interface/gaussian_interface/msg/rosidl_generator_cpp__visibility_control.hpp
[3.641s] -- Up-to-date: /home/shadygm/projects/Photo-SLAM-ROS/gaussian_interface/install/gaussian_interface/include/gaussian_interface/gaussian_interface/msg/detail
[3.641s] -- Installing: /home/shadygm/projects/Photo-SLAM-ROS/gaussian_interface/install/gaussian_interface/include/gaussian_interface/gaussian_interface/msg/detail/single_gaussian__traits.hpp
[3.642s] -- Installing: /home/shadygm/projects/Photo-SLAM-ROS/gaussian_interface/install/gaussian_interface/include/gaussian_interface/gaussian_interface/msg/detail/single_gaussian__type_support.hpp
[3.642s] -- Installing: /home/shadygm/projects/Photo-SLAM-ROS/gaussian_interface/install/gaussian_interface/include/gaussian_interface/gaussian_interface/msg/detail/single_gaussian__struct.hpp
[3.642s] -- Installing: /home/shadygm/projects/Photo-SLAM-ROS/gaussian_interface/install/gaussian_interface/include/gaussian_interface/gaussian_interface/msg/detail/gaussian_array__type_support.hpp
[3.642s] -- Installing: /home/shadygm/projects/Photo-SLAM-ROS/gaussian_interface/install/gaussian_interface/include/gaussian_interface/gaussian_interface/msg/detail/gaussian_array__traits.hpp
[3.642s] -- Installing: /home/shadygm/projects/Photo-SLAM-ROS/gaussian_interface/install/gaussian_interface/include/gaussian_interface/gaussian_interface/msg/detail/single_gaussian__builder.hpp
[3.643s] -- Installing: /home/shadygm/projects/Photo-SLAM-ROS/gaussian_interface/install/gaussian_interface/include/gaussian_interface/gaussian_interface/msg/detail/gaussian_array__builder.hpp
[3.643s] -- Installing: /home/shadygm/projects/Photo-SLAM-ROS/gaussian_interface/install/gaussian_interface/include/gaussian_interface/gaussian_interface/msg/detail/gaussian_array__struct.hpp
[3.643s] -- Installing: /home/shadygm/projects/Photo-SLAM-ROS/gaussian_interface/install/gaussian_interface/include/gaussian_interface/gaussian_interface/msg/gaussian_array.hpp
[3.643s] -- Installing: /home/shadygm/projects/Photo-SLAM-ROS/gaussian_interface/install/gaussian_interface/include/gaussian_interface/gaussian_interface/msg/single_gaussian.hpp
[3.643s] -- Up-to-date: /home/shadygm/projects/Photo-SLAM-ROS/gaussian_interface/install/gaussian_interface/include/gaussian_interface/gaussian_interface
[3.643s] -- Up-to-date: /home/shadygm/projects/Photo-SLAM-ROS/gaussian_interface/install/gaussian_interface/include/gaussian_interface/gaussian_interface/msg
[3.643s] -- Installing: /home/shadygm/projects/Photo-SLAM-ROS/gaussian_interface/install/gaussian_interface/include/gaussian_interface/gaussian_interface/msg/rosidl_typesupport_fastrtps_cpp__visibility_control.h
[3.644s] -- Up-to-date: /home/shadygm/projects/Photo-SLAM-ROS/gaussian_interface/install/gaussian_interface/include/gaussian_interface/gaussian_interface/msg/detail
[3.644s] -- Installing: /home/shadygm/projects/Photo-SLAM-ROS/gaussian_interface/install/gaussian_interface/include/gaussian_interface/gaussian_interface/msg/detail/gaussian_array__rosidl_typesupport_fastrtps_cpp.hpp
[3.644s] -- Installing: /home/shadygm/projects/Photo-SLAM-ROS/gaussian_interface/install/gaussian_interface/include/gaussian_interface/gaussian_interface/msg/detail/dds_fastrtps
[3.644s] -- Installing: /home/shadygm/projects/Photo-SLAM-ROS/gaussian_interface/install/gaussian_interface/include/gaussian_interface/gaussian_interface/msg/detail/single_gaussian__rosidl_typesupport_fastrtps_cpp.hpp
[3.644s] -- Installing: /home/shadygm/projects/Photo-SLAM-ROS/gaussian_interface/install/gaussian_interface/lib/libgaussian_interface__rosidl_typesupport_fastrtps_cpp.so
[3.645s] -- Set runtime path of "/home/shadygm/projects/Photo-SLAM-ROS/gaussian_interface/install/gaussian_interface/lib/libgaussian_interface__rosidl_typesupport_fastrtps_cpp.so" to ""
[3.645s] -- Up-to-date: /home/shadygm/projects/Photo-SLAM-ROS/gaussian_interface/install/gaussian_interface/include/gaussian_interface/gaussian_interface
[3.645s] -- Up-to-date: /home/shadygm/projects/Photo-SLAM-ROS/gaussian_interface/install/gaussian_interface/include/gaussian_interface/gaussian_interface/msg
[3.645s] -- Installing: /home/shadygm/projects/Photo-SLAM-ROS/gaussian_interface/install/gaussian_interface/include/gaussian_interface/gaussian_interface/msg/rosidl_typesupport_introspection_c__visibility_control.h
[3.645s] -- Up-to-date: /home/shadygm/projects/Photo-SLAM-ROS/gaussian_interface/install/gaussian_interface/include/gaussian_interface/gaussian_interface/msg/detail
[3.645s] -- Installing: /home/shadygm/projects/Photo-SLAM-ROS/gaussian_interface/install/gaussian_interface/include/gaussian_interface/gaussian_interface/msg/detail/single_gaussian__rosidl_typesupport_introspection_c.h
[3.645s] -- Installing: /home/shadygm/projects/Photo-SLAM-ROS/gaussian_interface/install/gaussian_interface/include/gaussian_interface/gaussian_interface/msg/detail/single_gaussian__type_support.c
[3.646s] -- Installing: /home/shadygm/projects/Photo-SLAM-ROS/gaussian_interface/install/gaussian_interface/include/gaussian_interface/gaussian_interface/msg/detail/gaussian_array__type_support.c
[3.646s] -- Installing: /home/shadygm/projects/Photo-SLAM-ROS/gaussian_interface/install/gaussian_interface/include/gaussian_interface/gaussian_interface/msg/detail/gaussian_array__rosidl_typesupport_introspection_c.h
[3.646s] -- Installing: /home/shadygm/projects/Photo-SLAM-ROS/gaussian_interface/install/gaussian_interface/lib/libgaussian_interface__rosidl_typesupport_introspection_c.so
[3.646s] -- Set runtime path of "/home/shadygm/projects/Photo-SLAM-ROS/gaussian_interface/install/gaussian_interface/lib/libgaussian_interface__rosidl_typesupport_introspection_c.so" to ""
[3.647s] -- Installing: /home/shadygm/projects/Photo-SLAM-ROS/gaussian_interface/install/gaussian_interface/lib/libgaussian_interface__rosidl_typesupport_c.so
[3.647s] -- Set runtime path of "/home/shadygm/projects/Photo-SLAM-ROS/gaussian_interface/install/gaussian_interface/lib/libgaussian_interface__rosidl_typesupport_c.so" to ""
[3.647s] -- Up-to-date: /home/shadygm/projects/Photo-SLAM-ROS/gaussian_interface/install/gaussian_interface/include/gaussian_interface/gaussian_interface
[3.647s] -- Up-to-date: /home/shadygm/projects/Photo-SLAM-ROS/gaussian_interface/install/gaussian_interface/include/gaussian_interface/gaussian_interface/msg
[3.647s] -- Up-to-date: /home/shadygm/projects/Photo-SLAM-ROS/gaussian_interface/install/gaussian_interface/include/gaussian_interface/gaussian_interface/msg/detail
[3.647s] -- Installing: /home/shadygm/projects/Photo-SLAM-ROS/gaussian_interface/install/gaussian_interface/include/gaussian_interface/gaussian_interface/msg/detail/gaussian_array__rosidl_typesupport_introspection_cpp.hpp
[3.647s] -- Installing: /home/shadygm/projects/Photo-SLAM-ROS/gaussian_interface/install/gaussian_interface/include/gaussian_interface/gaussian_interface/msg/detail/single_gaussian__type_support.cpp
[3.648s] -- Installing: /home/shadygm/projects/Photo-SLAM-ROS/gaussian_interface/install/gaussian_interface/include/gaussian_interface/gaussian_interface/msg/detail/single_gaussian__rosidl_typesupport_introspection_cpp.hpp
[3.648s] -- Installing: /home/shadygm/projects/Photo-SLAM-ROS/gaussian_interface/install/gaussian_interface/include/gaussian_interface/gaussian_interface/msg/detail/gaussian_array__type_support.cpp
[3.648s] -- Installing: /home/shadygm/projects/Photo-SLAM-ROS/gaussian_interface/install/gaussian_interface/lib/libgaussian_interface__rosidl_typesupport_introspection_cpp.so
[3.649s] -- Set runtime path of "/home/shadygm/projects/Photo-SLAM-ROS/gaussian_interface/install/gaussian_interface/lib/libgaussian_interface__rosidl_typesupport_introspection_cpp.so" to ""
[3.649s] -- Installing: /home/shadygm/projects/Photo-SLAM-ROS/gaussian_interface/install/gaussian_interface/lib/libgaussian_interface__rosidl_typesupport_cpp.so
[3.649s] -- Set runtime path of "/home/shadygm/projects/Photo-SLAM-ROS/gaussian_interface/install/gaussian_interface/lib/libgaussian_interface__rosidl_typesupport_cpp.so" to ""
[3.649s] -- Installing: /home/shadygm/projects/Photo-SLAM-ROS/gaussian_interface/install/gaussian_interface/share/gaussian_interface/environment/pythonpath.sh
[3.649s] -- Installing: /home/shadygm/projects/Photo-SLAM-ROS/gaussian_interface/install/gaussian_interface/share/gaussian_interface/environment/pythonpath.dsv
[3.650s] -- Installing: /home/shadygm/projects/Photo-SLAM-ROS/gaussian_interface/install/gaussian_interface/local/lib/python3.10/dist-packages/gaussian_interface-0.0.1-py3.10.egg-info
[3.650s] -- Installing: /home/shadygm/projects/Photo-SLAM-ROS/gaussian_interface/install/gaussian_interface/local/lib/python3.10/dist-packages/gaussian_interface-0.0.1-py3.10.egg-info/PKG-INFO
[3.650s] -- Installing: /home/shadygm/projects/Photo-SLAM-ROS/gaussian_interface/install/gaussian_interface/local/lib/python3.10/dist-packages/gaussian_interface-0.0.1-py3.10.egg-info/SOURCES.txt
[3.650s] -- Installing: /home/shadygm/projects/Photo-SLAM-ROS/gaussian_interface/install/gaussian_interface/local/lib/python3.10/dist-packages/gaussian_interface-0.0.1-py3.10.egg-info/top_level.txt
[3.650s] -- Installing: /home/shadygm/projects/Photo-SLAM-ROS/gaussian_interface/install/gaussian_interface/local/lib/python3.10/dist-packages/gaussian_interface-0.0.1-py3.10.egg-info/dependency_links.txt
[3.651s] -- Installing: /home/shadygm/projects/Photo-SLAM-ROS/gaussian_interface/install/gaussian_interface/local/lib/python3.10/dist-packages/gaussian_interface
[3.651s] -- Installing: /home/shadygm/projects/Photo-SLAM-ROS/gaussian_interface/install/gaussian_interface/local/lib/python3.10/dist-packages/gaussian_interface/gaussian_interface_s__rosidl_typesupport_introspection_c.cpython-310-x86_64-linux-gnu.so
[3.651s] -- Installing: /home/shadygm/projects/Photo-SLAM-ROS/gaussian_interface/install/gaussian_interface/local/lib/python3.10/dist-packages/gaussian_interface/_gaussian_interface_s.ep.rosidl_typesupport_introspection_c.c
[3.651s] -- Installing: /home/shadygm/projects/Photo-SLAM-ROS/gaussian_interface/install/gaussian_interface/local/lib/python3.10/dist-packages/gaussian_interface/msg
[3.651s] -- Installing: /home/shadygm/projects/Photo-SLAM-ROS/gaussian_interface/install/gaussian_interface/local/lib/python3.10/dist-packages/gaussian_interface/msg/_single_gaussian.py
[3.652s] -- Installing: /home/shadygm/projects/Photo-SLAM-ROS/gaussian_interface/install/gaussian_interface/local/lib/python3.10/dist-packages/gaussian_interface/msg/__init__.py
[3.652s] -- Installing: /home/shadygm/projects/Photo-SLAM-ROS/gaussian_interface/install/gaussian_interface/local/lib/python3.10/dist-packages/gaussian_interface/msg/_gaussian_array_s.c
[3.652s] -- Installing: /home/shadygm/projects/Photo-SLAM-ROS/gaussian_interface/install/gaussian_interface/local/lib/python3.10/dist-packages/gaussian_interface/msg/_single_gaussian_s.c
[3.652s] -- Installing: /home/shadygm/projects/Photo-SLAM-ROS/gaussian_interface/install/gaussian_interface/local/lib/python3.10/dist-packages/gaussian_interface/msg/_gaussian_array.py
[3.652s] -- Installing: /home/shadygm/projects/Photo-SLAM-ROS/gaussian_interface/install/gaussian_interface/local/lib/python3.10/dist-packages/gaussian_interface/_gaussian_interface_s.ep.rosidl_typesupport_fastrtps_c.c
[3.652s] -- Installing: /home/shadygm/projects/Photo-SLAM-ROS/gaussian_interface/install/gaussian_interface/local/lib/python3.10/dist-packages/gaussian_interface/__init__.py
[3.653s] -- Installing: /home/shadygm/projects/Photo-SLAM-ROS/gaussian_interface/install/gaussian_interface/local/lib/python3.10/dist-packages/gaussian_interface/_gaussian_interface_s.ep.rosidl_typesupport_c.c
[3.653s] -- Installing: /home/shadygm/projects/Photo-SLAM-ROS/gaussian_interface/install/gaussian_interface/local/lib/python3.10/dist-packages/gaussian_interface/gaussian_interface_s__rosidl_typesupport_fastrtps_c.cpython-310-x86_64-linux-gnu.so
[3.653s] -- Installing: /home/shadygm/projects/Photo-SLAM-ROS/gaussian_interface/install/gaussian_interface/local/lib/python3.10/dist-packages/gaussian_interface/libgaussian_interface__rosidl_generator_py.so
[3.653s] -- Installing: /home/shadygm/projects/Photo-SLAM-ROS/gaussian_interface/install/gaussian_interface/local/lib/python3.10/dist-packages/gaussian_interface/gaussian_interface_s__rosidl_typesupport_c.cpython-310-x86_64-linux-gnu.so
[3.682s] Listing '/home/shadygm/projects/Photo-SLAM-ROS/gaussian_interface/install/gaussian_interface/local/lib/python3.10/dist-packages/gaussian_interface'...
[3.683s] Compiling '/home/shadygm/projects/Photo-SLAM-ROS/gaussian_interface/install/gaussian_interface/local/lib/python3.10/dist-packages/gaussian_interface/__init__.py'...
[3.683s] Listing '/home/shadygm/projects/Photo-SLAM-ROS/gaussian_interface/install/gaussian_interface/local/lib/python3.10/dist-packages/gaussian_interface/msg'...
[3.683s] Compiling '/home/shadygm/projects/Photo-SLAM-ROS/gaussian_interface/install/gaussian_interface/local/lib/python3.10/dist-packages/gaussian_interface/msg/__init__.py'...
[3.683s] Compiling '/home/shadygm/projects/Photo-SLAM-ROS/gaussian_interface/install/gaussian_interface/local/lib/python3.10/dist-packages/gaussian_interface/msg/_gaussian_array.py'...
[3.683s] Compiling '/home/shadygm/projects/Photo-SLAM-ROS/gaussian_interface/install/gaussian_interface/local/lib/python3.10/dist-packages/gaussian_interface/msg/_single_gaussian.py'...
[3.687s] -- Installing: /home/shadygm/projects/Photo-SLAM-ROS/gaussian_interface/install/gaussian_interface/local/lib/python3.10/dist-packages/gaussian_interface/gaussian_interface_s__rosidl_typesupport_fastrtps_c.cpython-310-x86_64-linux-gnu.so
[3.687s] -- Set runtime path of "/home/shadygm/projects/Photo-SLAM-ROS/gaussian_interface/install/gaussian_interface/local/lib/python3.10/dist-packages/gaussian_interface/gaussian_interface_s__rosidl_typesupport_fastrtps_c.cpython-310-x86_64-linux-gnu.so" to ""
[3.687s] -- Installing: /home/shadygm/projects/Photo-SLAM-ROS/gaussian_interface/install/gaussian_interface/local/lib/python3.10/dist-packages/gaussian_interface/gaussian_interface_s__rosidl_typesupport_introspection_c.cpython-310-x86_64-linux-gnu.so
[3.688s] -- Set runtime path of "/home/shadygm/projects/Photo-SLAM-ROS/gaussian_interface/install/gaussian_interface/local/lib/python3.10/dist-packages/gaussian_interface/gaussian_interface_s__rosidl_typesupport_introspection_c.cpython-310-x86_64-linux-gnu.so" to ""
[3.688s] -- Installing: /home/shadygm/projects/Photo-SLAM-ROS/gaussian_interface/install/gaussian_interface/local/lib/python3.10/dist-packages/gaussian_interface/gaussian_interface_s__rosidl_typesupport_c.cpython-310-x86_64-linux-gnu.so
[3.688s] -- Set runtime path of "/home/shadygm/projects/Photo-SLAM-ROS/gaussian_interface/install/gaussian_interface/local/lib/python3.10/dist-packages/gaussian_interface/gaussian_interface_s__rosidl_typesupport_c.cpython-310-x86_64-linux-gnu.so" to ""
[3.688s] -- Installing: /home/shadygm/projects/Photo-SLAM-ROS/gaussian_interface/install/gaussian_interface/lib/libgaussian_interface__rosidl_generator_py.so
[3.689s] -- Set runtime path of "/home/shadygm/projects/Photo-SLAM-ROS/gaussian_interface/install/gaussian_interface/lib/libgaussian_interface__rosidl_generator_py.so" to ""
[3.689s] -- Installing: /home/shadygm/projects/Photo-SLAM-ROS/gaussian_interface/install/gaussian_interface/share/gaussian_interface/msg/SingleGaussian.idl
[3.689s] -- Installing: /home/shadygm/projects/Photo-SLAM-ROS/gaussian_interface/install/gaussian_interface/share/gaussian_interface/msg/GaussianArray.idl
[3.689s] -- Installing: /home/shadygm/projects/Photo-SLAM-ROS/gaussian_interface/install/gaussian_interface/share/gaussian_interface/msg/SingleGaussian.msg
[3.690s] -- Installing: /home/shadygm/projects/Photo-SLAM-ROS/gaussian_interface/install/gaussian_interface/share/gaussian_interface/msg/GaussianArray.msg
[3.690s] -- Installing: /home/shadygm/projects/Photo-SLAM-ROS/gaussian_interface/install/gaussian_interface/share/ament_index/resource_index/package_run_dependencies/gaussian_interface
[3.690s] -- Installing: /home/shadygm/projects/Photo-SLAM-ROS/gaussian_interface/install/gaussian_interface/share/ament_index/resource_index/parent_prefix_path/gaussian_interface
[3.691s] -- Installing: /home/shadygm/projects/Photo-SLAM-ROS/gaussian_interface/install/gaussian_interface/share/gaussian_interface/environment/ament_prefix_path.sh
[3.691s] -- Installing: /home/shadygm/projects/Photo-SLAM-ROS/gaussian_interface/install/gaussian_interface/share/gaussian_interface/environment/ament_prefix_path.dsv
[3.691s] -- Installing: /home/shadygm/projects/Photo-SLAM-ROS/gaussian_interface/install/gaussian_interface/share/gaussian_interface/environment/path.sh
[3.691s] -- Installing: /home/shadygm/projects/Photo-SLAM-ROS/gaussian_interface/install/gaussian_interface/share/gaussian_interface/environment/path.dsv
[3.692s] -- Installing: /home/shadygm/projects/Photo-SLAM-ROS/gaussian_interface/install/gaussian_interface/share/gaussian_interface/local_setup.bash
[3.692s] -- Installing: /home/shadygm/projects/Photo-SLAM-ROS/gaussian_interface/install/gaussian_interface/share/gaussian_interface/local_setup.sh
[3.692s] -- Installing: /home/shadygm/projects/Photo-SLAM-ROS/gaussian_interface/install/gaussian_interface/share/gaussian_interface/local_setup.zsh
[3.692s] -- Installing: /home/shadygm/projects/Photo-SLAM-ROS/gaussian_interface/install/gaussian_interface/share/gaussian_interface/local_setup.dsv
[3.693s] -- Installing: /home/shadygm/projects/Photo-SLAM-ROS/gaussian_interface/install/gaussian_interface/share/gaussian_interface/package.dsv
[3.693s] -- Installing: /home/shadygm/projects/Photo-SLAM-ROS/gaussian_interface/install/gaussian_interface/share/ament_index/resource_index/packages/gaussian_interface
[3.693s] -- Installing: /home/shadygm/projects/Photo-SLAM-ROS/gaussian_interface/install/gaussian_interface/share/gaussian_interface/cmake/export_gaussian_interface__rosidl_generator_cExport.cmake
[3.694s] -- Installing: /home/shadygm/projects/Photo-SLAM-ROS/gaussian_interface/install/gaussian_interface/share/gaussian_interface/cmake/export_gaussian_interface__rosidl_generator_cExport-noconfig.cmake
[3.694s] -- Installing: /home/shadygm/projects/Photo-SLAM-ROS/gaussian_interface/install/gaussian_interface/share/gaussian_interface/cmake/export_gaussian_interface__rosidl_typesupport_fastrtps_cExport.cmake
[3.694s] -- Installing: /home/shadygm/projects/Photo-SLAM-ROS/gaussian_interface/install/gaussian_interface/share/gaussian_interface/cmake/export_gaussian_interface__rosidl_typesupport_fastrtps_cExport-noconfig.cmake
[3.695s] -- Installing: /home/shadygm/projects/Photo-SLAM-ROS/gaussian_interface/install/gaussian_interface/share/gaussian_interface/cmake/export_gaussian_interface__rosidl_generator_cppExport.cmake
[3.695s] -- Installing: /home/shadygm/projects/Photo-SLAM-ROS/gaussian_interface/install/gaussian_interface/share/gaussian_interface/cmake/export_gaussian_interface__rosidl_typesupport_fastrtps_cppExport.cmake
[3.695s] -- Installing: /home/shadygm/projects/Photo-SLAM-ROS/gaussian_interface/install/gaussian_interface/share/gaussian_interface/cmake/export_gaussian_interface__rosidl_typesupport_fastrtps_cppExport-noconfig.cmake
[3.695s] -- Installing: /home/shadygm/projects/Photo-SLAM-ROS/gaussian_interface/install/gaussian_interface/share/gaussian_interface/cmake/gaussian_interface__rosidl_typesupport_introspection_cExport.cmake
[3.695s] -- Installing: /home/shadygm/projects/Photo-SLAM-ROS/gaussian_interface/install/gaussian_interface/share/gaussian_interface/cmake/gaussian_interface__rosidl_typesupport_introspection_cExport-noconfig.cmake
[3.696s] -- Installing: /home/shadygm/projects/Photo-SLAM-ROS/gaussian_interface/install/gaussian_interface/share/gaussian_interface/cmake/gaussian_interface__rosidl_typesupport_cExport.cmake
[3.696s] -- Installing: /home/shadygm/projects/Photo-SLAM-ROS/gaussian_interface/install/gaussian_interface/share/gaussian_interface/cmake/gaussian_interface__rosidl_typesupport_cExport-noconfig.cmake
[3.696s] -- Installing: /home/shadygm/projects/Photo-SLAM-ROS/gaussian_interface/install/gaussian_interface/share/gaussian_interface/cmake/gaussian_interface__rosidl_typesupport_introspection_cppExport.cmake
[3.696s] -- Installing: /home/shadygm/projects/Photo-SLAM-ROS/gaussian_interface/install/gaussian_interface/share/gaussian_interface/cmake/gaussian_interface__rosidl_typesupport_introspection_cppExport-noconfig.cmake
[3.697s] -- Installing: /home/shadygm/projects/Photo-SLAM-ROS/gaussian_interface/install/gaussian_interface/share/gaussian_interface/cmake/gaussian_interface__rosidl_typesupport_cppExport.cmake
[3.697s] -- Installing: /home/shadygm/projects/Photo-SLAM-ROS/gaussian_interface/install/gaussian_interface/share/gaussian_interface/cmake/gaussian_interface__rosidl_typesupport_cppExport-noconfig.cmake
[3.697s] -- Installing: /home/shadygm/projects/Photo-SLAM-ROS/gaussian_interface/install/gaussian_interface/share/gaussian_interface/cmake/export_gaussian_interface__rosidl_generator_pyExport.cmake
[3.698s] -- Installing: /home/shadygm/projects/Photo-SLAM-ROS/gaussian_interface/install/gaussian_interface/share/gaussian_interface/cmake/export_gaussian_interface__rosidl_generator_pyExport-noconfig.cmake
[3.698s] -- Installing: /home/shadygm/projects/Photo-SLAM-ROS/gaussian_interface/install/gaussian_interface/share/gaussian_interface/cmake/rosidl_cmake-extras.cmake
[3.698s] -- Installing: /home/shadygm/projects/Photo-SLAM-ROS/gaussian_interface/install/gaussian_interface/share/gaussian_interface/cmake/ament_cmake_export_dependencies-extras.cmake
[3.698s] -- Installing: /home/shadygm/projects/Photo-SLAM-ROS/gaussian_interface/install/gaussian_interface/share/gaussian_interface/cmake/ament_cmake_export_include_directories-extras.cmake
[3.698s] -- Installing: /home/shadygm/projects/Photo-SLAM-ROS/gaussian_interface/install/gaussian_interface/share/gaussian_interface/cmake/ament_cmake_export_libraries-extras.cmake
[3.699s] -- Installing: /home/shadygm/projects/Photo-SLAM-ROS/gaussian_interface/install/gaussian_interface/share/gaussian_interface/cmake/ament_cmake_export_targets-extras.cmake
[3.699s] -- Installing: /home/shadygm/projects/Photo-SLAM-ROS/gaussian_interface/install/gaussian_interface/share/gaussian_interface/cmake/rosidl_cmake_export_typesupport_targets-extras.cmake
[3.699s] -- Installing: /home/shadygm/projects/Photo-SLAM-ROS/gaussian_interface/install/gaussian_interface/share/gaussian_interface/cmake/rosidl_cmake_export_typesupport_libraries-extras.cmake
[3.699s] -- Installing: /home/shadygm/projects/Photo-SLAM-ROS/gaussian_interface/install/gaussian_interface/share/gaussian_interface/cmake/gaussian_interfaceConfig.cmake
[3.699s] -- Installing: /home/shadygm/projects/Photo-SLAM-ROS/gaussian_interface/install/gaussian_interface/share/gaussian_interface/cmake/gaussian_interfaceConfig-version.cmake
[3.700s] -- Installing: /home/shadygm/projects/Photo-SLAM-ROS/gaussian_interface/install/gaussian_interface/share/gaussian_interface/package.xml
[3.702s] Invoked command in '/home/shadygm/projects/Photo-SLAM-ROS/gaussian_interface/build/gaussian_interface' returned '0': CMAKE_PREFIX_PATH=/opt/ros/humble /usr/bin/cmake --install /home/shadygm/projects/Photo-SLAM-ROS/gaussian_interface/build/gaussian_interface
