[0.012s] Invoking command in '/home/shadygm/projects/Photo-SLAM-ROS/build/photo-slam-ros': CMAKE_PREFIX_PATH=${CMAKE_PREFIX_PATH}:/opt/ros/humble /usr/bin/cmake --build /home/shadygm/projects/Photo-SLAM-ROS/build/photo-slam-ros -- -j16 -l16
[0.040s] -- Found ament_cmake: 1.3.11 (/opt/ros/humble/share/ament_cmake/cmake)
[0.141s] -- Override CMake install command with custom implementation using symlinks instead of copying resources
[0.148s] -- Found rclcpp: 16.0.12 (/opt/ros/humble/share/rclcpp/cmake)
[0.173s] -- Found rosidl_generator_c: 3.1.6 (/opt/ros/humble/share/rosidl_generator_c/cmake)
[0.175s] -- Found rosidl_adapter: 3.1.6 (/opt/ros/humble/share/rosidl_adapter/cmake)
[0.180s] -- Found rosidl_generator_cpp: 3.1.6 (/opt/ros/humble/share/rosidl_generator_cpp/cmake)
[0.188s] -- Using all available rosidl_typesupport_c: rosidl_typesupport_fastrtps_c;rosidl_typesupport_introspection_c
[0.198s] -- Using all available rosidl_typesupport_cpp: rosidl_typesupport_fastrtps_cpp;rosidl_typesupport_introspection_cpp
[0.224s] -- Found rmw_implementation_cmake: 6.1.2 (/opt/ros/humble/share/rmw_implementation_cmake/cmake)
[0.226s] -- Found rmw_fastrtps_cpp: 6.2.7 (/opt/ros/humble/share/rmw_fastrtps_cpp/cmake)
[0.334s] -- Using RMW implementation 'rmw_fastrtps_cpp' as default
[0.375s] -- Found sensor_msgs: 4.8.0 (/opt/ros/humble/share/sensor_msgs/cmake)
[0.397s] -- Found cv_bridge: 3.2.1 (/opt/ros/humble/share/cv_bridge/cmake)
[0.405s] -- Found CUDA: /usr/local/cuda (found suitable exact version "11.8") 
[0.413s] -- Found tf2_ros: 0.25.12 (/opt/ros/humble/share/tf2_ros/cmake)
[0.479s] -- Found gaussian_interface: 0.0.1 (/home/shadygm/projects/Photo-SLAM-ROS/gaussian_interface/install/gaussian_interface/share/gaussian_interface/cmake)
[0.495s] -- Found CUDA: /usr/local/cuda (found version "11.8") 
[0.495s] -- Caffe2: CUDA detected: 11.8
[0.495s] -- Caffe2: CUDA nvcc is: /usr/local/cuda/bin/nvcc
[0.495s] -- Caffe2: CUDA toolkit directory: /usr/local/cuda
[0.595s] -- Caffe2: Header version is: 11.8
[0.603s] [33mCMake Warning at /libtorch/share/cmake/Caffe2/public/cuda.cmake:166 (message):
[0.603s]   Failed to compute shorthash for libnvrtc.so
[0.603s] Call Stack (most recent call first):
[0.603s]   /libtorch/share/cmake/Caffe2/Caffe2Config.cmake:88 (include)
[0.603s]   /libtorch/share/cmake/Torch/TorchConfig.cmake:68 (find_package)
[0.603s]   CMakeLists.txt:27 (find_package)
[0.603s] 
[0.603s] [0m
[1.610s] -- Autodetected CUDA architecture(s):  8.6
[1.610s] -- Added CUDA NVCC flags for: -gencode;arch=compute_86,code=sm_86
[1.663s] -- librealsense2 not found; RealSense example will be disabled.
[1.664s] [31mCMake Error at /opt/ros/humble/share/ament_cmake_target_dependencies/cmake/ament_target_dependencies.cmake:77 (message):
[1.664s]   ament_target_dependencies() the passed package name 'gaussian_interfacer'
[1.664s]   was not found before
[1.664s] Call Stack (most recent call first):
[1.664s]   CMakeLists.txt:155 (ament_target_dependencies)
[1.664s] 
[1.664s] [0m
[1.664s] -- Configuring incomplete, errors occurred!
[1.664s] See also "/home/shadygm/projects/Photo-SLAM-ROS/build/photo-slam-ros/CMakeFiles/CMakeOutput.log".
[1.671s] gmake: *** [Makefile:1312: cmake_check_build_system] Error 1
[1.673s] Invoked command in '/home/shadygm/projects/Photo-SLAM-ROS/build/photo-slam-ros' returned '2': CMAKE_PREFIX_PATH=${CMAKE_PREFIX_PATH}:/opt/ros/humble /usr/bin/cmake --build /home/shadygm/projects/Photo-SLAM-ROS/build/photo-slam-ros -- -j16 -l16
