[0.092s] DEBUG:colcon:Command line arguments: ['/usr/bin/colcon', 'build']
[0.092s] DEBUG:colcon:Parsed command line arguments: Namespace(log_base=None, log_level=None, verb_name='build', build_base='build', install_base='install', merge_install=False, symlink_install=False, test_result_base=None, continue_on_error=False, executor='parallel', parallel_workers=16, event_handlers=None, ignore_user_meta=False, metas=['./colcon.meta'], base_paths=['.'], packages_ignore=None, packages_ignore_regex=None, paths=None, packages_up_to=None, packages_up_to_regex=None, packages_above=None, packages_above_and_dependencies=None, packages_above_depth=None, packages_select_by_dep=None, packages_skip_by_dep=None, packages_skip_up_to=None, packages_select_build_failed=False, packages_skip_build_finished=False, packages_select_test_failures=False, packages_skip_test_passed=False, packages_select=None, packages_skip=None, packages_select_regex=None, packages_skip_regex=None, packages_start=None, packages_end=None, cmake_args=None, cmake_target=None, cmake_target_skip_unavailable=False, cmake_clean_cache=False, cmake_clean_first=False, cmake_force_configure=False, ament_cmake_args=None, catkin_cmake_args=None, catkin_skip_building_tests=False, mixin_files=None, mixin=None, verb_parser=<colcon_mixin.mixin.mixin_argument.MixinArgumentDecorator object at 0x766f779b4790>, verb_extension=<colcon_core.verb.build.BuildVerb object at 0x766f779b4070>, main=<bound method BuildVerb.main of <colcon_core.verb.build.BuildVerb object at 0x766f779b4070>>, mixin_verb=('build',))
[0.221s] Level 1:colcon.colcon_core.package_discovery:discover_packages(colcon_meta) check parameters
[0.221s] Level 1:colcon.colcon_core.package_discovery:discover_packages(recursive) check parameters
[0.221s] Level 1:colcon.colcon_core.package_discovery:discover_packages(ignore) check parameters
[0.221s] Level 1:colcon.colcon_core.package_discovery:discover_packages(path) check parameters
[0.221s] Level 1:colcon.colcon_core.package_discovery:discover_packages(colcon_meta) discover
[0.221s] Level 1:colcon.colcon_core.package_discovery:discover_packages(recursive) discover
[0.221s] INFO:colcon.colcon_core.package_discovery:Crawling recursively for packages in '/home/shadygm/projects/Photo-SLAM-ROS'
[0.221s] Level 1:colcon.colcon_core.package_identification:_identify(.) by extensions ['ignore', 'ignore_ament_install']
[0.221s] Level 1:colcon.colcon_core.package_identification:_identify(.) by extension 'ignore'
[0.221s] Level 1:colcon.colcon_core.package_identification:_identify(.) by extension 'ignore_ament_install'
[0.221s] Level 1:colcon.colcon_core.package_identification:_identify(.) by extensions ['colcon_pkg']
[0.221s] Level 1:colcon.colcon_core.package_identification:_identify(.) by extension 'colcon_pkg'
[0.221s] Level 1:colcon.colcon_core.package_identification:_identify(.) by extensions ['colcon_meta']
[0.222s] Level 1:colcon.colcon_core.package_identification:_identify(.) by extension 'colcon_meta'
[0.222s] Level 1:colcon.colcon_core.package_identification:_identify(.) by extensions ['ros']
[0.222s] Level 1:colcon.colcon_core.package_identification:_identify(.) by extension 'ros'
[0.233s] DEBUG:colcon.colcon_core.package_identification:Package '.' with type 'ros.ament_cmake' and name 'photo-slam-ros'
[0.233s] Level 1:colcon.colcon_core.package_discovery:discover_packages(recursive) using defaults
[0.233s] Level 1:colcon.colcon_core.package_discovery:discover_packages(ignore) discover
[0.233s] Level 1:colcon.colcon_core.package_discovery:discover_packages(ignore) using defaults
[0.233s] Level 1:colcon.colcon_core.package_discovery:discover_packages(path) discover
[0.233s] Level 1:colcon.colcon_core.package_discovery:discover_packages(path) using defaults
[0.248s] Level 5:colcon.colcon_core.verb:set package 'photo-slam-ros' build argument 'cmake_args' from command line to 'None'
[0.249s] Level 5:colcon.colcon_core.verb:set package 'photo-slam-ros' build argument 'cmake_target' from command line to 'None'
[0.249s] Level 5:colcon.colcon_core.verb:set package 'photo-slam-ros' build argument 'cmake_target_skip_unavailable' from command line to 'False'
[0.249s] Level 5:colcon.colcon_core.verb:set package 'photo-slam-ros' build argument 'cmake_clean_cache' from command line to 'False'
[0.249s] Level 5:colcon.colcon_core.verb:set package 'photo-slam-ros' build argument 'cmake_clean_first' from command line to 'False'
[0.249s] Level 5:colcon.colcon_core.verb:set package 'photo-slam-ros' build argument 'cmake_force_configure' from command line to 'False'
[0.249s] Level 5:colcon.colcon_core.verb:set package 'photo-slam-ros' build argument 'ament_cmake_args' from command line to 'None'
[0.249s] Level 5:colcon.colcon_core.verb:set package 'photo-slam-ros' build argument 'catkin_cmake_args' from command line to 'None'
[0.249s] Level 5:colcon.colcon_core.verb:set package 'photo-slam-ros' build argument 'catkin_skip_building_tests' from command line to 'False'
[0.249s] DEBUG:colcon.colcon_core.verb:Building package 'photo-slam-ros' with the following arguments: {'ament_cmake_args': None, 'build_base': '/home/shadygm/projects/Photo-SLAM-ROS/build/photo-slam-ros', 'catkin_cmake_args': None, 'catkin_skip_building_tests': False, 'cmake_args': None, 'cmake_clean_cache': False, 'cmake_clean_first': False, 'cmake_force_configure': False, 'cmake_target': None, 'cmake_target_skip_unavailable': False, 'install_base': '/home/shadygm/projects/Photo-SLAM-ROS/install/photo-slam-ros', 'merge_install': False, 'path': '/home/shadygm/projects/Photo-SLAM-ROS', 'symlink_install': False, 'test_result_base': None}
[0.249s] INFO:colcon.colcon_core.executor:Executing jobs using 'parallel' executor
[0.250s] DEBUG:colcon.colcon_parallel_executor.executor.parallel:run_until_complete
[0.250s] INFO:colcon.colcon_ros.task.ament_cmake.build:Building ROS package in '/home/shadygm/projects/Photo-SLAM-ROS' with build type 'ament_cmake'
[0.250s] INFO:colcon.colcon_cmake.task.cmake.build:Building CMake package in '/home/shadygm/projects/Photo-SLAM-ROS'
[0.252s] INFO:colcon.colcon_core.plugin_system:Skipping extension 'colcon_core.shell.bat': Not used on non-Windows systems
[0.252s] INFO:colcon.colcon_core.shell:Skip shell extension 'powershell' for command environment: Not usable outside of PowerShell
[0.252s] DEBUG:colcon.colcon_core.shell:Skip shell extension 'dsv' for command environment
[0.262s] DEBUG:colcon.colcon_core.event_handler.log_command:Invoking command in '/home/shadygm/projects/Photo-SLAM-ROS/build/photo-slam-ros': CMAKE_PREFIX_PATH=${CMAKE_PREFIX_PATH}:/opt/ros/humble /usr/bin/cmake /home/shadygm/projects/Photo-SLAM-ROS -DCMAKE_INSTALL_PREFIX=/home/shadygm/projects/Photo-SLAM-ROS/install/photo-slam-ros
[2.078s] DEBUG:colcon.colcon_core.event_handler.log_command:Invoked command in '/home/shadygm/projects/Photo-SLAM-ROS/build/photo-slam-ros' returned '0': CMAKE_PREFIX_PATH=${CMAKE_PREFIX_PATH}:/opt/ros/humble /usr/bin/cmake /home/shadygm/projects/Photo-SLAM-ROS -DCMAKE_INSTALL_PREFIX=/home/shadygm/projects/Photo-SLAM-ROS/install/photo-slam-ros
[2.080s] DEBUG:colcon.colcon_core.event_handler.log_command:Invoking command in '/home/shadygm/projects/Photo-SLAM-ROS/build/photo-slam-ros': CMAKE_PREFIX_PATH=${CMAKE_PREFIX_PATH}:/opt/ros/humble /usr/bin/cmake --build /home/shadygm/projects/Photo-SLAM-ROS/build/photo-slam-ros -- -j16 -l16
[2.517s] DEBUG:colcon.colcon_core.event_handler.log_command:Invoked command in '/home/shadygm/projects/Photo-SLAM-ROS/build/photo-slam-ros' returned '2': CMAKE_PREFIX_PATH=${CMAKE_PREFIX_PATH}:/opt/ros/humble /usr/bin/cmake --build /home/shadygm/projects/Photo-SLAM-ROS/build/photo-slam-ros -- -j16 -l16
[2.518s] Level 1:colcon.colcon_core.environment:create_environment_scripts_only(photo-slam-ros)
[2.520s] Level 1:colcon.colcon_core.environment:checking '/home/shadygm/projects/Photo-SLAM-ROS/install/photo-slam-ros' for CMake module files
[2.521s] Level 1:colcon.colcon_core.environment:checking '/home/shadygm/projects/Photo-SLAM-ROS/install/photo-slam-ros' for CMake config files
[2.521s] Level 1:colcon.colcon_core.environment:checking '/home/shadygm/projects/Photo-SLAM-ROS/install/photo-slam-ros/bin'
[2.521s] Level 1:colcon.colcon_core.environment:checking '/home/shadygm/projects/Photo-SLAM-ROS/install/photo-slam-ros/lib/pkgconfig/photo-slam-ros.pc'
[2.523s] Level 1:colcon.colcon_core.environment:checking '/home/shadygm/projects/Photo-SLAM-ROS/install/photo-slam-ros/lib/python3.10/site-packages'
[2.524s] Level 1:colcon.colcon_core.environment:checking '/home/shadygm/projects/Photo-SLAM-ROS/install/photo-slam-ros/bin'
[2.524s] INFO:colcon.colcon_core.shell:Creating package script '/home/shadygm/projects/Photo-SLAM-ROS/install/photo-slam-ros/share/photo-slam-ros/package.ps1'
[2.525s] INFO:colcon.colcon_core.shell:Creating package descriptor '/home/shadygm/projects/Photo-SLAM-ROS/install/photo-slam-ros/share/photo-slam-ros/package.dsv'
[2.525s] INFO:colcon.colcon_core.shell:Creating package script '/home/shadygm/projects/Photo-SLAM-ROS/install/photo-slam-ros/share/photo-slam-ros/package.sh'
[2.526s] INFO:colcon.colcon_core.shell:Creating package script '/home/shadygm/projects/Photo-SLAM-ROS/install/photo-slam-ros/share/photo-slam-ros/package.bash'
[2.527s] INFO:colcon.colcon_core.shell:Creating package script '/home/shadygm/projects/Photo-SLAM-ROS/install/photo-slam-ros/share/photo-slam-ros/package.zsh'
[2.528s] Level 1:colcon.colcon_core.environment:create_file_with_runtime_dependencies(/home/shadygm/projects/Photo-SLAM-ROS/install/photo-slam-ros/share/colcon-core/packages/photo-slam-ros)
[2.538s] DEBUG:colcon.colcon_parallel_executor.executor.parallel:closing loop
[2.538s] DEBUG:colcon.colcon_parallel_executor.executor.parallel:loop closed
[2.538s] DEBUG:colcon.colcon_parallel_executor.executor.parallel:run_until_complete finished with '2'
[2.538s] DEBUG:colcon.colcon_core.event_reactor:joining thread
[2.552s] INFO:colcon.colcon_core.plugin_system:Skipping extension 'colcon_notification.desktop_notification.notify_send': Could not find 'notify-send'
[2.552s] INFO:colcon.colcon_core.plugin_system:Skipping extension 'colcon_notification.desktop_notification.terminal_notifier': Not used on non-Darwin systems
[2.552s] INFO:colcon.colcon_core.plugin_system:Skipping extension 'colcon_notification.desktop_notification.win32': Not used on non-Windows systems
[2.552s] INFO:colcon.colcon_notification.desktop_notification:Sending desktop notification using 'notify2'
[2.554s] DEBUG:colcon.colcon_notification.desktop_notification.notify2:Failed to initialize notify2: org.freedesktop.DBus.Error.Spawn.ExecFailed: /usr/bin/dbus-launch terminated abnormally without any error message
[2.555s] DEBUG:colcon.colcon_core.event_reactor:joined thread
[2.555s] INFO:colcon.colcon_core.shell:Creating prefix script '/home/shadygm/projects/Photo-SLAM-ROS/install/local_setup.ps1'
[2.556s] INFO:colcon.colcon_core.shell:Creating prefix util module '/home/shadygm/projects/Photo-SLAM-ROS/install/_local_setup_util_ps1.py'
[2.558s] INFO:colcon.colcon_core.shell:Creating prefix chain script '/home/shadygm/projects/Photo-SLAM-ROS/install/setup.ps1'
[2.559s] INFO:colcon.colcon_core.shell:Creating prefix script '/home/shadygm/projects/Photo-SLAM-ROS/install/local_setup.sh'
[2.559s] INFO:colcon.colcon_core.shell:Creating prefix util module '/home/shadygm/projects/Photo-SLAM-ROS/install/_local_setup_util_sh.py'
[2.559s] INFO:colcon.colcon_core.shell:Creating prefix chain script '/home/shadygm/projects/Photo-SLAM-ROS/install/setup.sh'
[2.560s] INFO:colcon.colcon_core.shell:Creating prefix script '/home/shadygm/projects/Photo-SLAM-ROS/install/local_setup.bash'
[2.561s] INFO:colcon.colcon_core.shell:Creating prefix chain script '/home/shadygm/projects/Photo-SLAM-ROS/install/setup.bash'
[2.561s] INFO:colcon.colcon_core.shell:Creating prefix script '/home/shadygm/projects/Photo-SLAM-ROS/install/local_setup.zsh'
[2.562s] INFO:colcon.colcon_core.shell:Creating prefix chain script '/home/shadygm/projects/Photo-SLAM-ROS/install/setup.zsh'
