-- Found ament_cmake: 1.3.11 (/opt/ros/humble/share/ament_cmake/cmake)
-- Override CMake install command with custom implementation using symlinks instead of copying resources
-- Found rclcpp: 16.0.12 (/opt/ros/humble/share/rclcpp/cmake)
-- Found rosidl_generator_c: 3.1.6 (/opt/ros/humble/share/rosidl_generator_c/cmake)
-- Found rosidl_adapter: 3.1.6 (/opt/ros/humble/share/rosidl_adapter/cmake)
-- Found rosidl_generator_cpp: 3.1.6 (/opt/ros/humble/share/rosidl_generator_cpp/cmake)
-- Using all available rosidl_typesupport_c: rosidl_typesupport_fastrtps_c;rosidl_typesupport_introspection_c
-- Using all available rosidl_typesupport_cpp: rosidl_typesupport_fastrtps_cpp;rosidl_typesupport_introspection_cpp
-- Found rmw_implementation_cmake: 6.1.2 (/opt/ros/humble/share/rmw_implementation_cmake/cmake)
-- Found rmw_fastrtps_cpp: 6.2.7 (/opt/ros/humble/share/rmw_fastrtps_cpp/cmake)
-- Using RMW implementation 'rmw_fastrtps_cpp' as default
-- Found sensor_msgs: 4.8.0 (/opt/ros/humble/share/sensor_msgs/cmake)
-- Found cv_bridge: 3.2.1 (/opt/ros/humble/share/cv_bridge/cmake)
-- Found CUDA: /usr/local/cuda (found suitable exact version "11.8") 
-- Found tf2_ros: 0.25.12 (/opt/ros/humble/share/tf2_ros/cmake)
-- Found CUDA: /usr/local/cuda (found version "11.8") 
-- Caffe2: CUDA detected: 11.8
-- Caffe2: CUDA nvcc is: /usr/local/cuda/bin/nvcc
-- Caffe2: CUDA toolkit directory: /usr/local/cuda
-- Caffe2: Header version is: 11.8
-- Autodetected CUDA architecture(s):  8.6
-- Added CUDA NVCC flags for: -gencode;arch=compute_86,code=sm_86
-- Found gaussian_interface: 0.0.1 (/home/shadygm/projects/Photo-SLAM-ROS/gaussian_interface/install/gaussian_interface/share/gaussian_interface/cmake)
-- librealsense2 not found; RealSense example will be disabled.
-- Configuring done
-- Generating done
-- Build files have been written to: /home/shadygm/projects/Photo-SLAM-ROS/build/photo-slam-ros
[35m[1mConsolidate compiler generated dependencies of target imgui[0m
[35m[1mConsolidate compiler generated dependencies of target simple_knn[0m
[35m[1mConsolidate compiler generated dependencies of target cuda_rasterizer[0m
[ 17%] Built target imgui
[ 23%] Built target simple_knn
[ 39%] Built target cuda_rasterizer
[35m[1mConsolidate compiler generated dependencies of target gaussian_mapper[0m
[ 41%] [32mBuilding CXX object CMakeFiles/gaussian_mapper.dir/src/gaussian_ros_publisher.cpp.o[0m
