[0.089s] DEBUG:colcon:Command line arguments: ['/usr/bin/colcon', 'build']
[0.089s] DEBUG:colcon:Parsed command line arguments: Namespace(log_base=None, log_level=None, verb_name='build', build_base='build', install_base='install', merge_install=False, symlink_install=False, test_result_base=None, continue_on_error=False, executor='parallel', parallel_workers=16, event_handlers=None, ignore_user_meta=False, metas=['./colcon.meta'], base_paths=['.'], packages_ignore=None, packages_ignore_regex=None, paths=None, packages_up_to=None, packages_up_to_regex=None, packages_above=None, packages_above_and_dependencies=None, packages_above_depth=None, packages_select_by_dep=None, packages_skip_by_dep=None, packages_skip_up_to=None, packages_select_build_failed=False, packages_skip_build_finished=False, packages_select_test_failures=False, packages_skip_test_passed=False, packages_select=None, packages_skip=None, packages_select_regex=None, packages_skip_regex=None, packages_start=None, packages_end=None, cmake_args=None, cmake_target=None, cmake_target_skip_unavailable=False, cmake_clean_cache=False, cmake_clean_first=False, cmake_force_configure=False, ament_cmake_args=None, catkin_cmake_args=None, catkin_skip_building_tests=False, mixin_files=None, mixin=None, verb_parser=<colcon_mixin.mixin.mixin_argument.MixinArgumentDecorator object at 0x7e583a9c4550>, verb_extension=<colcon_core.verb.build.BuildVerb object at 0x7e583a98bfd0>, main=<bound method BuildVerb.main of <colcon_core.verb.build.BuildVerb object at 0x7e583a98bfd0>>, mixin_verb=('build',))
[0.215s] Level 1:colcon.colcon_core.package_discovery:discover_packages(colcon_meta) check parameters
[0.215s] Level 1:colcon.colcon_core.package_discovery:discover_packages(recursive) check parameters
[0.215s] Level 1:colcon.colcon_core.package_discovery:discover_packages(ignore) check parameters
[0.215s] Level 1:colcon.colcon_core.package_discovery:discover_packages(path) check parameters
[0.215s] Level 1:colcon.colcon_core.package_discovery:discover_packages(colcon_meta) discover
[0.215s] Level 1:colcon.colcon_core.package_discovery:discover_packages(recursive) discover
[0.215s] INFO:colcon.colcon_core.package_discovery:Crawling recursively for packages in '/home/shadygm/projects/Photo-SLAM-ROS/gaussian_interface'
[0.215s] Level 1:colcon.colcon_core.package_identification:_identify(.) by extensions ['ignore', 'ignore_ament_install']
[0.215s] Level 1:colcon.colcon_core.package_identification:_identify(.) by extension 'ignore'
[0.215s] Level 1:colcon.colcon_core.package_identification:_identify(.) by extension 'ignore_ament_install'
[0.215s] Level 1:colcon.colcon_core.package_identification:_identify(.) by extensions ['colcon_pkg']
[0.215s] Level 1:colcon.colcon_core.package_identification:_identify(.) by extension 'colcon_pkg'
[0.215s] Level 1:colcon.colcon_core.package_identification:_identify(.) by extensions ['colcon_meta']
[0.215s] Level 1:colcon.colcon_core.package_identification:_identify(.) by extension 'colcon_meta'
[0.215s] Level 1:colcon.colcon_core.package_identification:_identify(.) by extensions ['ros']
[0.215s] Level 1:colcon.colcon_core.package_identification:_identify(.) by extension 'ros'
[0.226s] DEBUG:colcon.colcon_core.package_identification:Package '.' with type 'ros.ament_cmake' and name 'gaussian_interface'
[0.226s] Level 1:colcon.colcon_core.package_discovery:discover_packages(recursive) using defaults
[0.226s] Level 1:colcon.colcon_core.package_discovery:discover_packages(ignore) discover
[0.226s] Level 1:colcon.colcon_core.package_discovery:discover_packages(ignore) using defaults
[0.226s] Level 1:colcon.colcon_core.package_discovery:discover_packages(path) discover
[0.226s] Level 1:colcon.colcon_core.package_discovery:discover_packages(path) using defaults
[0.241s] Level 5:colcon.colcon_core.verb:set package 'gaussian_interface' build argument 'cmake_args' from command line to 'None'
[0.241s] Level 5:colcon.colcon_core.verb:set package 'gaussian_interface' build argument 'cmake_target' from command line to 'None'
[0.241s] Level 5:colcon.colcon_core.verb:set package 'gaussian_interface' build argument 'cmake_target_skip_unavailable' from command line to 'False'
[0.241s] Level 5:colcon.colcon_core.verb:set package 'gaussian_interface' build argument 'cmake_clean_cache' from command line to 'False'
[0.241s] Level 5:colcon.colcon_core.verb:set package 'gaussian_interface' build argument 'cmake_clean_first' from command line to 'False'
[0.241s] Level 5:colcon.colcon_core.verb:set package 'gaussian_interface' build argument 'cmake_force_configure' from command line to 'False'
[0.241s] Level 5:colcon.colcon_core.verb:set package 'gaussian_interface' build argument 'ament_cmake_args' from command line to 'None'
[0.241s] Level 5:colcon.colcon_core.verb:set package 'gaussian_interface' build argument 'catkin_cmake_args' from command line to 'None'
[0.241s] Level 5:colcon.colcon_core.verb:set package 'gaussian_interface' build argument 'catkin_skip_building_tests' from command line to 'False'
[0.241s] DEBUG:colcon.colcon_core.verb:Building package 'gaussian_interface' with the following arguments: {'ament_cmake_args': None, 'build_base': '/home/shadygm/projects/Photo-SLAM-ROS/gaussian_interface/build/gaussian_interface', 'catkin_cmake_args': None, 'catkin_skip_building_tests': False, 'cmake_args': None, 'cmake_clean_cache': False, 'cmake_clean_first': False, 'cmake_force_configure': False, 'cmake_target': None, 'cmake_target_skip_unavailable': False, 'install_base': '/home/shadygm/projects/Photo-SLAM-ROS/gaussian_interface/install/gaussian_interface', 'merge_install': False, 'path': '/home/shadygm/projects/Photo-SLAM-ROS/gaussian_interface', 'symlink_install': False, 'test_result_base': None}
[0.242s] INFO:colcon.colcon_core.executor:Executing jobs using 'parallel' executor
[0.242s] DEBUG:colcon.colcon_parallel_executor.executor.parallel:run_until_complete
[0.243s] INFO:colcon.colcon_ros.task.ament_cmake.build:Building ROS package in '/home/shadygm/projects/Photo-SLAM-ROS/gaussian_interface' with build type 'ament_cmake'
[0.243s] INFO:colcon.colcon_cmake.task.cmake.build:Building CMake package in '/home/shadygm/projects/Photo-SLAM-ROS/gaussian_interface'
[0.245s] INFO:colcon.colcon_core.plugin_system:Skipping extension 'colcon_core.shell.bat': Not used on non-Windows systems
[0.245s] INFO:colcon.colcon_core.shell:Skip shell extension 'powershell' for command environment: Not usable outside of PowerShell
[0.245s] DEBUG:colcon.colcon_core.shell:Skip shell extension 'dsv' for command environment
[0.253s] DEBUG:colcon.colcon_core.event_handler.log_command:Invoking command in '/home/shadygm/projects/Photo-SLAM-ROS/gaussian_interface/build/gaussian_interface': CMAKE_PREFIX_PATH=/opt/ros/humble /usr/bin/cmake /home/shadygm/projects/Photo-SLAM-ROS/gaussian_interface -DCMAKE_INSTALL_PREFIX=/home/shadygm/projects/Photo-SLAM-ROS/gaussian_interface/install/gaussian_interface
[1.805s] DEBUG:colcon.colcon_core.event_handler.log_command:Invoked command in '/home/shadygm/projects/Photo-SLAM-ROS/gaussian_interface/build/gaussian_interface' returned '0': CMAKE_PREFIX_PATH=/opt/ros/humble /usr/bin/cmake /home/shadygm/projects/Photo-SLAM-ROS/gaussian_interface -DCMAKE_INSTALL_PREFIX=/home/shadygm/projects/Photo-SLAM-ROS/gaussian_interface/install/gaussian_interface
[1.806s] DEBUG:colcon.colcon_core.event_handler.log_command:Invoking command in '/home/shadygm/projects/Photo-SLAM-ROS/gaussian_interface/build/gaussian_interface': CMAKE_PREFIX_PATH=/opt/ros/humble /usr/bin/cmake --build /home/shadygm/projects/Photo-SLAM-ROS/gaussian_interface/build/gaussian_interface -- -j16 -l16
[3.862s] DEBUG:colcon.colcon_core.event_handler.log_command:Invoked command in '/home/shadygm/projects/Photo-SLAM-ROS/gaussian_interface/build/gaussian_interface' returned '0': CMAKE_PREFIX_PATH=/opt/ros/humble /usr/bin/cmake --build /home/shadygm/projects/Photo-SLAM-ROS/gaussian_interface/build/gaussian_interface -- -j16 -l16
[3.872s] DEBUG:colcon.colcon_core.event_handler.log_command:Invoking command in '/home/shadygm/projects/Photo-SLAM-ROS/gaussian_interface/build/gaussian_interface': CMAKE_PREFIX_PATH=/opt/ros/humble /usr/bin/cmake --install /home/shadygm/projects/Photo-SLAM-ROS/gaussian_interface/build/gaussian_interface
[3.945s] Level 1:colcon.colcon_core.environment:create_environment_scripts_only(gaussian_interface)
[3.945s] DEBUG:colcon.colcon_core.event_handler.log_command:Invoked command in '/home/shadygm/projects/Photo-SLAM-ROS/gaussian_interface/build/gaussian_interface' returned '0': CMAKE_PREFIX_PATH=/opt/ros/humble /usr/bin/cmake --install /home/shadygm/projects/Photo-SLAM-ROS/gaussian_interface/build/gaussian_interface
[3.947s] Level 1:colcon.colcon_core.environment:checking '/home/shadygm/projects/Photo-SLAM-ROS/gaussian_interface/install/gaussian_interface' for CMake module files
[3.948s] Level 1:colcon.colcon_core.environment:checking '/home/shadygm/projects/Photo-SLAM-ROS/gaussian_interface/install/gaussian_interface' for CMake config files
[3.948s] Level 1:colcon.colcon_core.shell:create_environment_hook('gaussian_interface', 'cmake_prefix_path')
[3.948s] INFO:colcon.colcon_core.shell:Creating environment hook '/home/shadygm/projects/Photo-SLAM-ROS/gaussian_interface/install/gaussian_interface/share/gaussian_interface/hook/cmake_prefix_path.ps1'
[3.949s] INFO:colcon.colcon_core.shell:Creating environment descriptor '/home/shadygm/projects/Photo-SLAM-ROS/gaussian_interface/install/gaussian_interface/share/gaussian_interface/hook/cmake_prefix_path.dsv'
[3.950s] INFO:colcon.colcon_core.shell:Creating environment hook '/home/shadygm/projects/Photo-SLAM-ROS/gaussian_interface/install/gaussian_interface/share/gaussian_interface/hook/cmake_prefix_path.sh'
[3.950s] Level 1:colcon.colcon_core.environment:checking '/home/shadygm/projects/Photo-SLAM-ROS/gaussian_interface/install/gaussian_interface/lib'
[3.950s] Level 1:colcon.colcon_core.shell:create_environment_hook('gaussian_interface', 'ld_library_path_lib')
[3.951s] INFO:colcon.colcon_core.shell:Creating environment hook '/home/shadygm/projects/Photo-SLAM-ROS/gaussian_interface/install/gaussian_interface/share/gaussian_interface/hook/ld_library_path_lib.ps1'
[3.951s] INFO:colcon.colcon_core.shell:Creating environment descriptor '/home/shadygm/projects/Photo-SLAM-ROS/gaussian_interface/install/gaussian_interface/share/gaussian_interface/hook/ld_library_path_lib.dsv'
[3.951s] INFO:colcon.colcon_core.shell:Creating environment hook '/home/shadygm/projects/Photo-SLAM-ROS/gaussian_interface/install/gaussian_interface/share/gaussian_interface/hook/ld_library_path_lib.sh'
[3.951s] Level 1:colcon.colcon_core.environment:checking '/home/shadygm/projects/Photo-SLAM-ROS/gaussian_interface/install/gaussian_interface/bin'
[3.951s] Level 1:colcon.colcon_core.environment:checking '/home/shadygm/projects/Photo-SLAM-ROS/gaussian_interface/install/gaussian_interface/lib/pkgconfig/gaussian_interface.pc'
[3.953s] Level 1:colcon.colcon_core.environment:checking '/home/shadygm/projects/Photo-SLAM-ROS/gaussian_interface/install/gaussian_interface/lib/python3.10/site-packages'
[3.953s] Level 1:colcon.colcon_core.environment:checking '/home/shadygm/projects/Photo-SLAM-ROS/gaussian_interface/install/gaussian_interface/bin'
[3.953s] INFO:colcon.colcon_core.shell:Creating package script '/home/shadygm/projects/Photo-SLAM-ROS/gaussian_interface/install/gaussian_interface/share/gaussian_interface/package.ps1'
[3.954s] INFO:colcon.colcon_core.shell:Creating package descriptor '/home/shadygm/projects/Photo-SLAM-ROS/gaussian_interface/install/gaussian_interface/share/gaussian_interface/package.dsv'
[3.955s] INFO:colcon.colcon_core.shell:Creating package script '/home/shadygm/projects/Photo-SLAM-ROS/gaussian_interface/install/gaussian_interface/share/gaussian_interface/package.sh'
[3.955s] INFO:colcon.colcon_core.shell:Creating package script '/home/shadygm/projects/Photo-SLAM-ROS/gaussian_interface/install/gaussian_interface/share/gaussian_interface/package.bash'
[3.956s] INFO:colcon.colcon_core.shell:Creating package script '/home/shadygm/projects/Photo-SLAM-ROS/gaussian_interface/install/gaussian_interface/share/gaussian_interface/package.zsh'
[3.956s] Level 1:colcon.colcon_core.environment:create_file_with_runtime_dependencies(/home/shadygm/projects/Photo-SLAM-ROS/gaussian_interface/install/gaussian_interface/share/colcon-core/packages/gaussian_interface)
[3.957s] Level 1:colcon.colcon_core.environment:create_environment_scripts_only(gaussian_interface)
[3.957s] Level 1:colcon.colcon_core.environment:checking '/home/shadygm/projects/Photo-SLAM-ROS/gaussian_interface/install/gaussian_interface' for CMake module files
[3.958s] Level 1:colcon.colcon_core.environment:checking '/home/shadygm/projects/Photo-SLAM-ROS/gaussian_interface/install/gaussian_interface' for CMake config files
[3.958s] Level 1:colcon.colcon_core.shell:create_environment_hook('gaussian_interface', 'cmake_prefix_path')
[3.958s] INFO:colcon.colcon_core.shell:Creating environment hook '/home/shadygm/projects/Photo-SLAM-ROS/gaussian_interface/install/gaussian_interface/share/gaussian_interface/hook/cmake_prefix_path.ps1'
[3.958s] INFO:colcon.colcon_core.shell:Creating environment descriptor '/home/shadygm/projects/Photo-SLAM-ROS/gaussian_interface/install/gaussian_interface/share/gaussian_interface/hook/cmake_prefix_path.dsv'
[3.959s] INFO:colcon.colcon_core.shell:Creating environment hook '/home/shadygm/projects/Photo-SLAM-ROS/gaussian_interface/install/gaussian_interface/share/gaussian_interface/hook/cmake_prefix_path.sh'
[3.959s] Level 1:colcon.colcon_core.environment:checking '/home/shadygm/projects/Photo-SLAM-ROS/gaussian_interface/install/gaussian_interface/lib'
[3.959s] Level 1:colcon.colcon_core.shell:create_environment_hook('gaussian_interface', 'ld_library_path_lib')
[3.959s] INFO:colcon.colcon_core.shell:Creating environment hook '/home/shadygm/projects/Photo-SLAM-ROS/gaussian_interface/install/gaussian_interface/share/gaussian_interface/hook/ld_library_path_lib.ps1'
[3.959s] INFO:colcon.colcon_core.shell:Creating environment descriptor '/home/shadygm/projects/Photo-SLAM-ROS/gaussian_interface/install/gaussian_interface/share/gaussian_interface/hook/ld_library_path_lib.dsv'
[3.960s] INFO:colcon.colcon_core.shell:Creating environment hook '/home/shadygm/projects/Photo-SLAM-ROS/gaussian_interface/install/gaussian_interface/share/gaussian_interface/hook/ld_library_path_lib.sh'
[3.960s] Level 1:colcon.colcon_core.environment:checking '/home/shadygm/projects/Photo-SLAM-ROS/gaussian_interface/install/gaussian_interface/bin'
[3.960s] Level 1:colcon.colcon_core.environment:checking '/home/shadygm/projects/Photo-SLAM-ROS/gaussian_interface/install/gaussian_interface/lib/pkgconfig/gaussian_interface.pc'
[3.960s] Level 1:colcon.colcon_core.environment:checking '/home/shadygm/projects/Photo-SLAM-ROS/gaussian_interface/install/gaussian_interface/lib/python3.10/site-packages'
[3.960s] Level 1:colcon.colcon_core.environment:checking '/home/shadygm/projects/Photo-SLAM-ROS/gaussian_interface/install/gaussian_interface/bin'
[3.961s] INFO:colcon.colcon_core.shell:Creating package script '/home/shadygm/projects/Photo-SLAM-ROS/gaussian_interface/install/gaussian_interface/share/gaussian_interface/package.ps1'
[3.961s] INFO:colcon.colcon_core.shell:Creating package descriptor '/home/shadygm/projects/Photo-SLAM-ROS/gaussian_interface/install/gaussian_interface/share/gaussian_interface/package.dsv'
[3.961s] INFO:colcon.colcon_core.shell:Creating package script '/home/shadygm/projects/Photo-SLAM-ROS/gaussian_interface/install/gaussian_interface/share/gaussian_interface/package.sh'
[3.962s] INFO:colcon.colcon_core.shell:Creating package script '/home/shadygm/projects/Photo-SLAM-ROS/gaussian_interface/install/gaussian_interface/share/gaussian_interface/package.bash'
[3.963s] INFO:colcon.colcon_core.shell:Creating package script '/home/shadygm/projects/Photo-SLAM-ROS/gaussian_interface/install/gaussian_interface/share/gaussian_interface/package.zsh'
[3.963s] Level 1:colcon.colcon_core.environment:create_file_with_runtime_dependencies(/home/shadygm/projects/Photo-SLAM-ROS/gaussian_interface/install/gaussian_interface/share/colcon-core/packages/gaussian_interface)
[3.963s] DEBUG:colcon.colcon_parallel_executor.executor.parallel:closing loop
[3.964s] DEBUG:colcon.colcon_parallel_executor.executor.parallel:loop closed
[3.964s] DEBUG:colcon.colcon_parallel_executor.executor.parallel:run_until_complete finished with '0'
[3.964s] DEBUG:colcon.colcon_core.event_reactor:joining thread
[3.980s] INFO:colcon.colcon_core.plugin_system:Skipping extension 'colcon_notification.desktop_notification.notify_send': Could not find 'notify-send'
[3.980s] INFO:colcon.colcon_core.plugin_system:Skipping extension 'colcon_notification.desktop_notification.terminal_notifier': Not used on non-Darwin systems
[3.980s] INFO:colcon.colcon_core.plugin_system:Skipping extension 'colcon_notification.desktop_notification.win32': Not used on non-Windows systems
[3.980s] INFO:colcon.colcon_notification.desktop_notification:Sending desktop notification using 'notify2'
[3.982s] DEBUG:colcon.colcon_notification.desktop_notification.notify2:Failed to initialize notify2: org.freedesktop.DBus.Error.Spawn.ExecFailed: /usr/bin/dbus-launch terminated abnormally without any error message
[3.982s] DEBUG:colcon.colcon_core.event_reactor:joined thread
[3.983s] INFO:colcon.colcon_core.shell:Creating prefix script '/home/shadygm/projects/Photo-SLAM-ROS/gaussian_interface/install/local_setup.ps1'
[3.984s] INFO:colcon.colcon_core.shell:Creating prefix util module '/home/shadygm/projects/Photo-SLAM-ROS/gaussian_interface/install/_local_setup_util_ps1.py'
[3.985s] INFO:colcon.colcon_core.shell:Creating prefix chain script '/home/shadygm/projects/Photo-SLAM-ROS/gaussian_interface/install/setup.ps1'
[3.986s] INFO:colcon.colcon_core.shell:Creating prefix script '/home/shadygm/projects/Photo-SLAM-ROS/gaussian_interface/install/local_setup.sh'
[3.986s] INFO:colcon.colcon_core.shell:Creating prefix util module '/home/shadygm/projects/Photo-SLAM-ROS/gaussian_interface/install/_local_setup_util_sh.py'
[3.987s] INFO:colcon.colcon_core.shell:Creating prefix chain script '/home/shadygm/projects/Photo-SLAM-ROS/gaussian_interface/install/setup.sh'
[3.987s] INFO:colcon.colcon_core.shell:Creating prefix script '/home/shadygm/projects/Photo-SLAM-ROS/gaussian_interface/install/local_setup.bash'
[3.988s] INFO:colcon.colcon_core.shell:Creating prefix chain script '/home/shadygm/projects/Photo-SLAM-ROS/gaussian_interface/install/setup.bash'
[3.988s] INFO:colcon.colcon_core.shell:Creating prefix script '/home/shadygm/projects/Photo-SLAM-ROS/gaussian_interface/install/local_setup.zsh'
[3.989s] INFO:colcon.colcon_core.shell:Creating prefix chain script '/home/shadygm/projects/Photo-SLAM-ROS/gaussian_interface/install/setup.zsh'
